[Mon Aug 29 09:08:45 2011] [info] Server listening (http://*:3000)
[Mon Aug 29 09:09:04 2011] [debug] Your secret passphrase needs to be changed!!!
[Mon Aug 29 09:09:04 2011] [debug] GET / (Mozilla/5.0 (X11; Linux x86_64; rv:6.0) Gecko/20100101 Firefox/6.0).
[Mon Aug 29 09:09:04 2011] [debug] Template "not_found.development.html.ep" not found.
[Mon Aug 29 09:09:04 2011] [debug] Template "not_found.html.ep" not found.
[Mon Aug 29 09:09:04 2011] [debug] Rendering inline template.
[Mon Aug 29 09:09:04 2011] [debug] 404 Not Found (0.014053s, 71.159/s).
[Mon Aug 29 09:09:24 2011] [debug] GET / (Mozilla/5.0 (X11; Linux x86_64; rv:6.0) Gecko/20100101 Firefox/6.0).
[Mon Aug 29 09:09:24 2011] [debug] Template "not_found.development.html.ep" not found.
[Mon Aug 29 09:09:24 2011] [debug] Template "not_found.html.ep" not found.
[Mon Aug 29 09:09:24 2011] [debug] 404 Not Found (0.004962s, 201.532/s).
[Mon Aug 29 09:09:27 2011] [debug] GET /welcome (Mozilla/5.0 (X11; Linux x86_64; rv:6.0) Gecko/20100101 Firefox/6.0).
[Mon Aug 29 09:09:27 2011] [debug] Dispatching "MyMojoliciousApp::Example->welcome".
[Mon Aug 29 09:09:27 2011] [debug] Rendering template "example/welcome.html.ep".
[Mon Aug 29 09:09:27 2011] [debug] Rendering template "layouts/default.html.ep".
[Mon Aug 29 09:09:27 2011] [debug] 200 OK (0.029004s, 34.478/s).
[Mon Aug 29 09:09:33 2011] [debug] GET /welcome (Mozilla/5.0 (X11; Linux x86_64; rv:6.0) Gecko/20100101 Firefox/6.0).
[Mon Aug 29 09:09:33 2011] [debug] Dispatching "MyMojoliciousApp::Example->welcome".
[Mon Aug 29 09:09:33 2011] [debug] 200 OK (0.001479s, 676.133/s).
[Mon Aug 29 09:29:41 2011] [info] Server listening (http://*:3000)
[Mon Aug 29 09:29:51 2011] [debug] Your secret passphrase needs to be changed!!!
[Mon Aug 29 09:29:51 2011] [debug] GET /login (Mozilla/5.0 (X11; Linux x86_64; rv:6.0) Gecko/20100101 Firefox/6.0).
[Mon Aug 29 09:29:51 2011] [debug] Dispatching "MyMojoliciousApp::Login->login".
[Mon Aug 29 09:29:51 2011] [debug] MyMojoliciousApp::Login does not exist, maybe a typo?
[Mon Aug 29 09:29:51 2011] [debug] Template "login/login.html.ep" not found.
[Mon Aug 29 09:29:51 2011] [debug] Template "not_found.development.html.ep" not found.
[Mon Aug 29 09:29:51 2011] [debug] Template "not_found.html.ep" not found.
[Mon Aug 29 09:29:51 2011] [debug] Rendering inline template.
[Mon Aug 29 09:29:51 2011] [debug] 404 Not Found (0.045705s, 21.879/s).
[Mon Aug 29 09:30:11 2011] [debug] GET /welcome (Mozilla/5.0 (X11; Linux x86_64; rv:6.0) Gecko/20100101 Firefox/6.0).
[Mon Aug 29 09:30:11 2011] [debug] Dispatching "MyMojoliciousApp::Example->welcome".
[Mon Aug 29 09:30:11 2011] [debug] Rendering template "example/welcome.html.ep".
[Mon Aug 29 09:30:11 2011] [debug] Rendering template "layouts/default.html.ep".
[Mon Aug 29 09:30:11 2011] [debug] 200 OK (0.093153s, 10.735/s).
[Mon Aug 29 09:30:17 2011] [debug] GET /login (Mozilla/5.0 (X11; Linux x86_64; rv:6.0) Gecko/20100101 Firefox/6.0).
[Mon Aug 29 09:30:17 2011] [debug] Dispatching "MyMojoliciousApp::Login->login".
[Mon Aug 29 09:30:17 2011] [debug] MyMojoliciousApp::Login does not exist, maybe a typo?
[Mon Aug 29 09:30:17 2011] [debug] Template "login/login.html.ep" not found.
[Mon Aug 29 09:30:17 2011] [debug] Template "not_found.development.html.ep" not found.
[Mon Aug 29 09:30:17 2011] [debug] Template "not_found.html.ep" not found.
[Mon Aug 29 09:30:17 2011] [debug] 404 Not Found (0.016119s, 62.039/s).
[Mon Aug 29 09:33:32 2011] [info] Server listening (http://*:3000)
[Mon Aug 29 09:33:35 2011] [debug] Your secret passphrase needs to be changed!!!
[Mon Aug 29 09:33:35 2011] [debug] GET /login (Mozilla/5.0 (X11; Linux x86_64; rv:6.0) Gecko/20100101 Firefox/6.0).
[Mon Aug 29 09:33:35 2011] [debug] Dispatching "ReFerTo::Login->login".
[Mon Aug 29 09:33:35 2011] [debug] Template "login/login.html.ep" not found.
[Mon Aug 29 09:33:35 2011] [debug] Template "login/login.html.ep" not found.
[Mon Aug 29 09:33:35 2011] [debug] Nothing has been rendered, assuming delayed response.
[Mon Aug 29 09:33:49 2011] [debug] GET / (Mozilla/5.0 (X11; Linux x86_64; rv:6.0) Gecko/20100101 Firefox/6.0).
[Mon Aug 29 09:33:49 2011] [debug] Template "not_found.development.html.ep" not found.
[Mon Aug 29 09:33:49 2011] [debug] Template "not_found.html.ep" not found.
[Mon Aug 29 09:33:49 2011] [debug] Rendering inline template.
[Mon Aug 29 09:33:49 2011] [debug] 404 Not Found (0.011431s, 87.481/s).
[Mon Aug 29 09:33:50 2011] [debug] GET / (Mozilla/5.0 (X11; Linux x86_64; rv:6.0) Gecko/20100101 Firefox/6.0).
[Mon Aug 29 09:33:50 2011] [debug] Template "not_found.development.html.ep" not found.
[Mon Aug 29 09:33:50 2011] [debug] Template "not_found.html.ep" not found.
[Mon Aug 29 09:33:50 2011] [debug] 404 Not Found (0.010919s, 91.583/s).
[Mon Aug 29 09:33:54 2011] [debug] GET /welcome (Mozilla/5.0 (X11; Linux x86_64; rv:6.0) Gecko/20100101 Firefox/6.0).
[Mon Aug 29 09:33:54 2011] [debug] Dispatching "ReFerTo::Example->welcome".
[Mon Aug 29 09:33:54 2011] [debug] Rendering template "example/welcome.html.ep".
[Mon Aug 29 09:33:54 2011] [debug] Rendering template "layouts/default.html.ep".
[Mon Aug 29 09:33:54 2011] [debug] 200 OK (0.042704s, 23.417/s).
[Mon Aug 29 09:33:59 2011] [debug] GET /login (Mozilla/5.0 (X11; Linux x86_64; rv:6.0) Gecko/20100101 Firefox/6.0).
[Mon Aug 29 09:33:59 2011] [debug] Dispatching "ReFerTo::Login->login".
[Mon Aug 29 09:33:59 2011] [debug] Template "login/login.html.ep" not found.
[Mon Aug 29 09:33:59 2011] [debug] Template "login/login.html.ep" not found.
[Mon Aug 29 09:33:59 2011] [debug] Nothing has been rendered, assuming delayed response.
[Mon Aug 29 09:34:14 2011] [debug] GET /login (Mozilla/5.0 (X11; Linux x86_64; rv:6.0) Gecko/20100101 Firefox/6.0).
[Mon Aug 29 09:34:14 2011] [debug] Dispatching "ReFerTo::Login->login".
[Mon Aug 29 09:34:14 2011] [debug] Template "login/login.html.ep" not found.
[Mon Aug 29 09:34:14 2011] [debug] Template "login/login.html.ep" not found.
[Mon Aug 29 09:34:14 2011] [debug] Nothing has been rendered, assuming delayed response.
[Mon Aug 29 09:39:38 2011] [info] Server listening (http://*:3000)
[Mon Aug 29 09:39:51 2011] [info] Server listening (http://*:3000)
[Mon Aug 29 09:39:55 2011] [debug] Your secret passphrase needs to be changed!!!
[Mon Aug 29 09:39:55 2011] [debug] GET /login (Mozilla/5.0 (X11; Linux x86_64; rv:6.0) Gecko/20100101 Firefox/6.0).
[Mon Aug 29 09:39:55 2011] [debug] Dispatching "ReFerTo::Login->login".
[Mon Aug 29 09:39:55 2011] [debug] Rendering template "login/login.html.ep".
[Mon Aug 29 09:39:55 2011] [debug] Rendering template "layouts/default.html.ep".
[Mon Aug 29 09:39:55 2011] [debug] 200 OK (0.019635s, 50.929/s).
[Mon Aug 29 09:49:40 2011] [info] Server listening (http://*:3000)
[Mon Aug 29 09:49:51 2011] [debug] Your secret passphrase needs to be changed!!!
[Mon Aug 29 09:49:51 2011] [debug] GET /welcome (Mozilla/5.0 (X11; Linux x86_64; rv:6.0) Gecko/20100101 Firefox/6.0).
[Mon Aug 29 09:49:51 2011] [debug] Dispatching "ReFerTo::Example->welcome".
[Mon Aug 29 09:49:51 2011] [debug] Rendering template "example/welcome.html.ep".
[Mon Aug 29 09:49:51 2011] [debug] Rendering template "layouts/default.html.ep".
[Mon Aug 29 09:49:51 2011] [debug] 200 OK (0.018261s, 54.762/s).
[Mon Aug 29 09:49:52 2011] [debug] GET /welcome (Mozilla/5.0 (X11; Linux x86_64; rv:6.0) Gecko/20100101 Firefox/6.0).
[Mon Aug 29 09:49:52 2011] [debug] Dispatching "ReFerTo::Example->welcome".
[Mon Aug 29 09:49:52 2011] [debug] 200 OK (0.001378s, 725.689/s).
[Mon Aug 29 09:49:54 2011] [debug] GET /welcome (Mozilla/5.0 (X11; Linux x86_64; rv:6.0) Gecko/20100101 Firefox/6.0).
[Mon Aug 29 09:49:54 2011] [debug] Dispatching "ReFerTo::Example->welcome".
[Mon Aug 29 09:49:54 2011] [debug] 200 OK (0.001545s, 647.249/s).
[Mon Aug 29 09:51:02 2011] [info] Server listening (http://*:3000)
[Mon Aug 29 09:51:07 2011] [debug] Your secret passphrase needs to be changed!!!
[Mon Aug 29 09:51:07 2011] [debug] GET /welcome (Mozilla/5.0 (X11; Linux x86_64; rv:6.0) Gecko/20100101 Firefox/6.0).
[Mon Aug 29 09:51:07 2011] [debug] Dispatching "ReFerTo::Example->welcome".
[Mon Aug 29 09:51:07 2011] [debug] 200 OK (0.060728s, 16.467/s).
[Mon Aug 29 09:53:04 2011] [info] Server listening (http://*:3000)
[Mon Aug 29 09:53:12 2011] [debug] Your secret passphrase needs to be changed!!!
[Mon Aug 29 09:53:12 2011] [debug] GET / (Mozilla/5.0 (X11; Linux x86_64; rv:6.0) Gecko/20100101 Firefox/6.0).
[Mon Aug 29 09:53:12 2011] [debug] Dispatching "ReFerTo::Example->welcome".
[Mon Aug 29 09:53:12 2011] [debug] 200 OK (0.002795s, 357.782/s).
[Mon Aug 29 09:53:14 2011] [debug] GET / (Mozilla/5.0 (X11; Linux x86_64; rv:6.0) Gecko/20100101 Firefox/6.0).
[Mon Aug 29 09:53:14 2011] [debug] Dispatching "ReFerTo::Example->welcome".
[Mon Aug 29 09:53:14 2011] [debug] 200 OK (0.000699s, 1430.615/s).
[Mon Aug 29 09:53:14 2011] [debug] GET / (Mozilla/5.0 (X11; Linux x86_64; rv:6.0) Gecko/20100101 Firefox/6.0).
[Mon Aug 29 09:53:14 2011] [debug] Dispatching "ReFerTo::Example->welcome".
[Mon Aug 29 09:53:14 2011] [debug] 200 OK (0.000580s, 1724.138/s).
[Mon Aug 29 09:53:14 2011] [debug] GET / (Mozilla/5.0 (X11; Linux x86_64; rv:6.0) Gecko/20100101 Firefox/6.0).
[Mon Aug 29 09:53:14 2011] [debug] Dispatching "ReFerTo::Example->welcome".
[Mon Aug 29 09:53:14 2011] [debug] 200 OK (0.000726s, 1377.410/s).
[Mon Aug 29 09:53:14 2011] [debug] GET / (Mozilla/5.0 (X11; Linux x86_64; rv:6.0) Gecko/20100101 Firefox/6.0).
[Mon Aug 29 09:53:14 2011] [debug] Dispatching "ReFerTo::Example->welcome".
[Mon Aug 29 09:53:14 2011] [debug] 200 OK (0.000740s, 1351.351/s).
[Tue Aug 30 11:32:07 2011] [info] Server listening (http://*:3000)
[Tue Aug 30 11:32:48 2011] [debug] Your secret passphrase needs to be changed!!!
[Tue Aug 30 11:32:48 2011] [debug] GET / (Mozilla/5.0 (X11; Linux x86_64; rv:6.0) Gecko/20100101 Firefox/6.0).
[Tue Aug 30 11:32:48 2011] [debug] Dispatching "ReFerTo::Page->index".
[Tue Aug 30 11:32:48 2011] [debug] Rendering template "page/index.html.ep".
[Tue Aug 30 11:32:49 2011] [error] Global symbol "$user" requires explicit package name at template "page/index.html.ep" line 5, near "<% if (session 'name') { %>".
1: % layout 'default';
2: <% if (my $message = flash 'message' ) { %>
3: 	<b><%= $message %></b><br />
4: <% } %>
5: Welcome! You're now known as <%= $user %>.<br />
6: <% if (session 'name') { %>
7: 	<a href="<%= url_for 'logout' %>">Logout <%= session 'name' %></a>
8: <% } else { %>
9: 	<a href="<%= url_for 'login' %>">Login</a>
10: <% } %>

[Tue Aug 30 11:32:49 2011] [debug] Template "exception.development.html.ep" not found.
[Tue Aug 30 11:32:49 2011] [debug] Template "exception.html.ep" not found.
[Tue Aug 30 11:32:49 2011] [debug] Rendering inline template.
[Tue Aug 30 11:32:49 2011] [debug] 500 Internal Server Error (0.167496s, 5.970/s).
[Tue Aug 30 11:35:20 2011] [info] Server listening (http://*:3000)
[Tue Aug 30 11:35:24 2011] [debug] Your secret passphrase needs to be changed!!!
[Tue Aug 30 11:35:24 2011] [debug] GET / (Mozilla/5.0 (X11; Linux x86_64; rv:6.0) Gecko/20100101 Firefox/6.0).
[Tue Aug 30 11:35:24 2011] [debug] Dispatching "ReFerTo::Page->index".
[Tue Aug 30 11:35:24 2011] [debug] Rendering template "page/index.html.ep".
[Tue Aug 30 11:35:24 2011] [debug] Rendering template "layouts/default.html.ep".
[Tue Aug 30 11:35:24 2011] [debug] 200 OK (0.024780s, 40.355/s).
[Tue Aug 30 11:35:32 2011] [debug] GET /index (Mozilla/5.0 (X11; Linux x86_64; rv:6.0) Gecko/20100101 Firefox/6.0).
[Tue Aug 30 11:35:32 2011] [debug] Template "not_found.development.html.ep" not found.
[Tue Aug 30 11:35:32 2011] [debug] Template "not_found.html.ep" not found.
[Tue Aug 30 11:35:32 2011] [debug] Rendering inline template.
[Tue Aug 30 11:35:32 2011] [debug] 404 Not Found (0.010541s, 94.868/s).
[Tue Aug 30 11:37:42 2011] [debug] GET / (Mozilla/5.0 (X11; Linux x86_64; rv:6.0) Gecko/20100101 Firefox/6.0).
[Tue Aug 30 11:37:42 2011] [debug] Dispatching "ReFerTo::Page->index".
[Tue Aug 30 11:37:42 2011] [debug] 200 OK (0.002935s, 340.716/s).
[Tue Aug 30 11:37:42 2011] [debug] GET / (Mozilla/5.0 (X11; Linux x86_64; rv:6.0) Gecko/20100101 Firefox/6.0).
[Tue Aug 30 11:37:42 2011] [debug] Dispatching "ReFerTo::Page->index".
[Tue Aug 30 11:37:42 2011] [debug] 200 OK (0.002886s, 346.500/s).
[Tue Aug 30 11:37:43 2011] [debug] GET / (Mozilla/5.0 (X11; Linux x86_64; rv:6.0) Gecko/20100101 Firefox/6.0).
[Tue Aug 30 11:37:43 2011] [debug] Dispatching "ReFerTo::Page->index".
[Tue Aug 30 11:37:43 2011] [debug] 200 OK (0.002911s, 343.525/s).
[Tue Aug 30 11:37:48 2011] [info] Server listening (http://*:3000)
[Tue Aug 30 11:37:56 2011] [debug] Your secret passphrase needs to be changed!!!
[Tue Aug 30 11:37:56 2011] [debug] GET / (Mozilla/5.0 (X11; Linux x86_64; rv:6.0) Gecko/20100101 Firefox/6.0).
[Tue Aug 30 11:37:56 2011] [debug] Dispatching "ReFerTo::Page->index".
[Tue Aug 30 11:37:56 2011] [debug] Rendering template "page/index.html.ep".
[Tue Aug 30 11:37:56 2011] [debug] Rendering template "layouts/default.html.ep".
[Tue Aug 30 11:37:56 2011] [debug] 200 OK (0.025427s, 39.328/s).
[Tue Aug 30 11:37:57 2011] [debug] GET / (Mozilla/5.0 (X11; Linux x86_64; rv:6.0) Gecko/20100101 Firefox/6.0).
[Tue Aug 30 11:37:57 2011] [debug] Dispatching "ReFerTo::Page->index".
[Tue Aug 30 11:37:57 2011] [debug] 200 OK (0.002649s, 377.501/s).
[Tue Aug 30 11:37:57 2011] [debug] GET / (Mozilla/5.0 (X11; Linux x86_64; rv:6.0) Gecko/20100101 Firefox/6.0).
[Tue Aug 30 11:37:57 2011] [debug] Dispatching "ReFerTo::Page->index".
[Tue Aug 30 11:37:57 2011] [debug] 200 OK (0.002601s, 384.468/s).
[Tue Aug 30 11:37:57 2011] [debug] GET / (Mozilla/5.0 (X11; Linux x86_64; rv:6.0) Gecko/20100101 Firefox/6.0).
[Tue Aug 30 11:37:57 2011] [debug] Dispatching "ReFerTo::Page->index".
[Tue Aug 30 11:37:57 2011] [debug] 200 OK (0.002677s, 373.552/s).
[Tue Aug 30 11:37:57 2011] [debug] GET / (Mozilla/5.0 (X11; Linux x86_64; rv:6.0) Gecko/20100101 Firefox/6.0).
[Tue Aug 30 11:37:57 2011] [debug] Dispatching "ReFerTo::Page->index".
[Tue Aug 30 11:37:57 2011] [debug] 200 OK (0.002502s, 399.680/s).
[Tue Aug 30 11:38:31 2011] [debug] GET / (Mozilla/5.0 (X11; Linux x86_64; rv:6.0) Gecko/20100101 Firefox/6.0).
[Tue Aug 30 11:38:31 2011] [debug] Dispatching "ReFerTo::Page->index".
[Tue Aug 30 11:38:31 2011] [debug] 200 OK (0.002669s, 374.672/s).
[Tue Aug 30 11:38:32 2011] [debug] GET / (Mozilla/5.0 (X11; Linux x86_64; rv:6.0) Gecko/20100101 Firefox/6.0).
[Tue Aug 30 11:38:32 2011] [debug] Dispatching "ReFerTo::Page->index".
[Tue Aug 30 11:38:32 2011] [debug] 200 OK (0.002515s, 397.614/s).
[Tue Aug 30 11:38:36 2011] [info] Server listening (http://*:3000)
[Tue Aug 30 11:38:38 2011] [debug] Your secret passphrase needs to be changed!!!
[Tue Aug 30 11:38:38 2011] [debug] GET / (Mozilla/5.0 (X11; Linux x86_64; rv:6.0) Gecko/20100101 Firefox/6.0).
[Tue Aug 30 11:38:38 2011] [debug] Dispatching "ReFerTo::Page->index".
[Tue Aug 30 11:38:38 2011] [debug] Rendering template "page/index.html.ep".
[Tue Aug 30 11:38:38 2011] [error] Unterminated <> operator at (eval 256) line 6.

[Tue Aug 30 11:38:38 2011] [debug] Template "exception.development.html.ep" not found.
[Tue Aug 30 11:38:38 2011] [debug] Template "exception.html.ep" not found.
[Tue Aug 30 11:38:38 2011] [debug] Rendering inline template.
[Tue Aug 30 11:38:38 2011] [debug] 500 Internal Server Error (0.060914s, 16.417/s).
[Tue Aug 30 11:39:01 2011] [debug] GET / (Mozilla/5.0 (X11; Linux x86_64; rv:6.0) Gecko/20100101 Firefox/6.0).
[Tue Aug 30 11:39:01 2011] [debug] Dispatching "ReFerTo::Page->index".
[Tue Aug 30 11:39:01 2011] [debug] Rendering template "page/index.html.ep".
[Tue Aug 30 11:39:01 2011] [debug] Rendering template "layouts/default.html.ep".
[Tue Aug 30 11:39:01 2011] [debug] 200 OK (0.008516s, 117.426/s).
[Tue Aug 30 11:39:07 2011] [info] Server listening (http://*:3000)
[Tue Aug 30 11:39:10 2011] [debug] Your secret passphrase needs to be changed!!!
[Tue Aug 30 11:39:10 2011] [debug] GET / (Mozilla/5.0 (X11; Linux x86_64; rv:6.0) Gecko/20100101 Firefox/6.0).
[Tue Aug 30 11:39:10 2011] [debug] Dispatching "ReFerTo::Page->index".
[Tue Aug 30 11:39:10 2011] [debug] Rendering template "page/index.html.ep".
[Tue Aug 30 11:39:10 2011] [debug] Rendering template "layouts/default.html.ep".
[Tue Aug 30 11:39:10 2011] [debug] 200 OK (0.024262s, 41.217/s).
[Tue Aug 30 11:39:10 2011] [debug] GET / (Mozilla/5.0 (X11; Linux x86_64; rv:6.0) Gecko/20100101 Firefox/6.0).
[Tue Aug 30 11:39:10 2011] [debug] Dispatching "ReFerTo::Page->index".
[Tue Aug 30 11:39:10 2011] [debug] 200 OK (0.002607s, 383.583/s).
[Tue Aug 30 11:39:11 2011] [debug] GET / (Mozilla/5.0 (X11; Linux x86_64; rv:6.0) Gecko/20100101 Firefox/6.0).
[Tue Aug 30 11:39:11 2011] [debug] Dispatching "ReFerTo::Page->index".
[Tue Aug 30 11:39:11 2011] [debug] 200 OK (0.002603s, 384.172/s).
[Tue Aug 30 11:39:11 2011] [debug] GET / (Mozilla/5.0 (X11; Linux x86_64; rv:6.0) Gecko/20100101 Firefox/6.0).
[Tue Aug 30 11:39:11 2011] [debug] Dispatching "ReFerTo::Page->index".
[Tue Aug 30 11:39:11 2011] [debug] 200 OK (0.003337s, 299.670/s).
[Tue Aug 30 17:32:35 2011] [debug] GET /user/edit (Mozilla/5.0 (X11; Linux x86_64; rv:6.0) Gecko/20100101 Firefox/6.0).
[Tue Aug 30 17:32:36 2011] [debug] Dispatching "ReFerTo::User->edit".
[Tue Aug 30 17:32:38 2011] [error] Global symbol "$dbh" requires explicit package name at script/../lib/ReFerTo/User.pm line 23.
Global symbol "$memd" requires explicit package name at script/../lib/ReFerTo/User.pm line 47.
Global symbol "$dbh" requires explicit package name at script/../lib/ReFerTo/User.pm line 85.
Global symbol "$dbh" requires explicit package name at script/../lib/ReFerTo/User.pm line 98.
Global symbol "$dbh" requires explicit package name at script/../lib/ReFerTo/User.pm line 113.
Global symbol "$memd" requires explicit package name at script/../lib/ReFerTo/User.pm line 135.
Global symbol "$dbh" requires explicit package name at script/../lib/ReFerTo/User.pm line 177.
Global symbol "$dbh" requires explicit package name at script/../lib/ReFerTo/User.pm line 201.
Compilation failed in require at (eval 258) line 1.

[Tue Aug 30 17:32:38 2011] [error] Global symbol "$dbh" requires explicit package name at script/../lib/ReFerTo/User.pm line 23.
Global symbol "$memd" requires explicit package name at script/../lib/ReFerTo/User.pm line 47.
Global symbol "$dbh" requires explicit package name at script/../lib/ReFerTo/User.pm line 85.
Global symbol "$dbh" requires explicit package name at script/../lib/ReFerTo/User.pm line 98.
Global symbol "$dbh" requires explicit package name at script/../lib/ReFerTo/User.pm line 113.
Global symbol "$memd" requires explicit package name at script/../lib/ReFerTo/User.pm line 135.
Global symbol "$dbh" requires explicit package name at script/../lib/ReFerTo/User.pm line 177.
Global symbol "$dbh" requires explicit package name at script/../lib/ReFerTo/User.pm line 201.
Compilation failed in require at (eval 258) line 1.

[Tue Aug 30 17:32:39 2011] [debug] Template "exception.development.html.ep" not found.
[Tue Aug 30 17:32:39 2011] [debug] Template "exception.html.ep" not found.
[Tue Aug 30 17:32:39 2011] [debug] Rendering inline template.
[Tue Aug 30 17:32:40 2011] [debug] 500 Internal Server Error (4.615677s, 0.217/s).
[Tue Aug 30 17:33:01 2011] [debug] GET /login (Mozilla/5.0 (X11; Linux x86_64; rv:6.0) Gecko/20100101 Firefox/6.0).
[Tue Aug 30 17:33:01 2011] [debug] Dispatching "ReFerTo::User->login".
[Tue Aug 30 17:33:01 2011] [error] Attempt to reload ReFerTo/User.pm aborted.
Compilation failed in require at (eval 260) line 1.

[Tue Aug 30 17:33:01 2011] [error] Attempt to reload ReFerTo/User.pm aborted.
Compilation failed in require at (eval 260) line 1.

[Tue Aug 30 17:33:01 2011] [debug] Template "exception.development.html.ep" not found.
[Tue Aug 30 17:33:01 2011] [debug] Template "exception.html.ep" not found.
[Tue Aug 30 17:33:01 2011] [debug] Rendering inline template.
[Tue Aug 30 17:33:01 2011] [debug] 500 Internal Server Error (0.041844s, 23.898/s).
[Tue Aug 30 17:33:46 2011] [info] Server listening (http://*:3000)
[Tue Aug 30 17:33:51 2011] [debug] Your secret passphrase needs to be changed!!!
[Tue Aug 30 17:33:51 2011] [debug] GET /login (Mozilla/5.0 (X11; Linux x86_64; rv:6.0) Gecko/20100101 Firefox/6.0).
[Tue Aug 30 17:33:51 2011] [debug] Dispatching "ReFerTo::User->login".
[Tue Aug 30 17:33:51 2011] [error] Global symbol "$dbh" requires explicit package name at script/../lib/ReFerTo/User.pm line 23.
Global symbol "$memd" requires explicit package name at script/../lib/ReFerTo/User.pm line 47.
Global symbol "$dbh" requires explicit package name at script/../lib/ReFerTo/User.pm line 85.
Global symbol "$dbh" requires explicit package name at script/../lib/ReFerTo/User.pm line 98.
Global symbol "$dbh" requires explicit package name at script/../lib/ReFerTo/User.pm line 113.
Global symbol "$memd" requires explicit package name at script/../lib/ReFerTo/User.pm line 133.
Global symbol "$dbh" requires explicit package name at script/../lib/ReFerTo/User.pm line 175.
Global symbol "$dbh" requires explicit package name at script/../lib/ReFerTo/User.pm line 199.
Compilation failed in require at (eval 254) line 1.

[Tue Aug 30 17:33:51 2011] [error] Global symbol "$dbh" requires explicit package name at script/../lib/ReFerTo/User.pm line 23.
Global symbol "$memd" requires explicit package name at script/../lib/ReFerTo/User.pm line 47.
Global symbol "$dbh" requires explicit package name at script/../lib/ReFerTo/User.pm line 85.
Global symbol "$dbh" requires explicit package name at script/../lib/ReFerTo/User.pm line 98.
Global symbol "$dbh" requires explicit package name at script/../lib/ReFerTo/User.pm line 113.
Global symbol "$memd" requires explicit package name at script/../lib/ReFerTo/User.pm line 133.
Global symbol "$dbh" requires explicit package name at script/../lib/ReFerTo/User.pm line 175.
Global symbol "$dbh" requires explicit package name at script/../lib/ReFerTo/User.pm line 199.
Compilation failed in require at (eval 254) line 1.

[Tue Aug 30 17:33:51 2011] [debug] Template "exception.development.html.ep" not found.
[Tue Aug 30 17:33:51 2011] [debug] Template "exception.html.ep" not found.
[Tue Aug 30 17:33:51 2011] [debug] Rendering inline template.
[Tue Aug 30 17:33:51 2011] [debug] 500 Internal Server Error (0.085274s, 11.727/s).
[Tue Aug 30 17:35:12 2011] [info] Server listening (http://*:3000)
[Tue Aug 30 17:35:15 2011] [debug] Your secret passphrase needs to be changed!!!
[Tue Aug 30 17:35:15 2011] [debug] GET /login (Mozilla/5.0 (X11; Linux x86_64; rv:6.0) Gecko/20100101 Firefox/6.0).
[Tue Aug 30 17:35:15 2011] [debug] Dispatching "ReFerTo::User->login".
[Tue Aug 30 17:35:15 2011] [error] Global symbol "$ref" requires explicit package name at script/../lib/ReFerTo/User.pm line 31.
Global symbol "$ref" requires explicit package name at script/../lib/ReFerTo/User.pm line 31.
Global symbol "$memd" requires explicit package name at script/../lib/ReFerTo/User.pm line 47.
Global symbol "$dbh" requires explicit package name at script/../lib/ReFerTo/User.pm line 85.
Global symbol "$dbh" requires explicit package name at script/../lib/ReFerTo/User.pm line 98.
Global symbol "$dbh" requires explicit package name at script/../lib/ReFerTo/User.pm line 113.
Global symbol "$memd" requires explicit package name at script/../lib/ReFerTo/User.pm line 133.
Global symbol "$dbh" requires explicit package name at script/../lib/ReFerTo/User.pm line 175.
Global symbol "$dbh" requires explicit package name at script/../lib/ReFerTo/User.pm line 199.
Compilation failed in require at (eval 254) line 1.

[Tue Aug 30 17:35:15 2011] [error] Global symbol "$ref" requires explicit package name at script/../lib/ReFerTo/User.pm line 31.
Global symbol "$ref" requires explicit package name at script/../lib/ReFerTo/User.pm line 31.
Global symbol "$memd" requires explicit package name at script/../lib/ReFerTo/User.pm line 47.
Global symbol "$dbh" requires explicit package name at script/../lib/ReFerTo/User.pm line 85.
Global symbol "$dbh" requires explicit package name at script/../lib/ReFerTo/User.pm line 98.
Global symbol "$dbh" requires explicit package name at script/../lib/ReFerTo/User.pm line 113.
Global symbol "$memd" requires explicit package name at script/../lib/ReFerTo/User.pm line 133.
Global symbol "$dbh" requires explicit package name at script/../lib/ReFerTo/User.pm line 175.
Global symbol "$dbh" requires explicit package name at script/../lib/ReFerTo/User.pm line 199.
Compilation failed in require at (eval 254) line 1.

[Tue Aug 30 17:35:15 2011] [debug] Template "exception.development.html.ep" not found.
[Tue Aug 30 17:35:15 2011] [debug] Template "exception.html.ep" not found.
[Tue Aug 30 17:35:15 2011] [debug] Rendering inline template.
[Tue Aug 30 17:35:15 2011] [debug] 500 Internal Server Error (0.033347s, 29.988/s).
[Tue Aug 30 17:35:54 2011] [info] Server listening (http://*:3000)
[Tue Aug 30 17:35:56 2011] [debug] Your secret passphrase needs to be changed!!!
[Tue Aug 30 17:35:56 2011] [debug] GET /login (Mozilla/5.0 (X11; Linux x86_64; rv:6.0) Gecko/20100101 Firefox/6.0).
[Tue Aug 30 17:35:56 2011] [debug] Dispatching "ReFerTo::User->login".
[Tue Aug 30 17:35:56 2011] [error] Global symbol "$memd" requires explicit package name at script/../lib/ReFerTo/User.pm line 49.
Global symbol "$dbh" requires explicit package name at script/../lib/ReFerTo/User.pm line 87.
Global symbol "$dbh" requires explicit package name at script/../lib/ReFerTo/User.pm line 100.
Global symbol "$dbh" requires explicit package name at script/../lib/ReFerTo/User.pm line 115.
Global symbol "$memd" requires explicit package name at script/../lib/ReFerTo/User.pm line 135.
Global symbol "$dbh" requires explicit package name at script/../lib/ReFerTo/User.pm line 177.
Global symbol "$dbh" requires explicit package name at script/../lib/ReFerTo/User.pm line 201.
Compilation failed in require at (eval 254) line 1.

[Tue Aug 30 17:35:56 2011] [error] Global symbol "$memd" requires explicit package name at script/../lib/ReFerTo/User.pm line 49.
Global symbol "$dbh" requires explicit package name at script/../lib/ReFerTo/User.pm line 87.
Global symbol "$dbh" requires explicit package name at script/../lib/ReFerTo/User.pm line 100.
Global symbol "$dbh" requires explicit package name at script/../lib/ReFerTo/User.pm line 115.
Global symbol "$memd" requires explicit package name at script/../lib/ReFerTo/User.pm line 135.
Global symbol "$dbh" requires explicit package name at script/../lib/ReFerTo/User.pm line 177.
Global symbol "$dbh" requires explicit package name at script/../lib/ReFerTo/User.pm line 201.
Compilation failed in require at (eval 254) line 1.

[Tue Aug 30 17:35:56 2011] [debug] Template "exception.development.html.ep" not found.
[Tue Aug 30 17:35:56 2011] [debug] Template "exception.html.ep" not found.
[Tue Aug 30 17:35:56 2011] [debug] Rendering inline template.
[Tue Aug 30 17:35:56 2011] [debug] 500 Internal Server Error (0.031037s, 32.220/s).
[Tue Aug 30 17:37:15 2011] [info] Server listening (http://*:3000)
[Tue Aug 30 17:37:18 2011] [debug] Your secret passphrase needs to be changed!!!
[Tue Aug 30 17:37:18 2011] [debug] GET /login (Mozilla/5.0 (X11; Linux x86_64; rv:6.0) Gecko/20100101 Firefox/6.0).
[Tue Aug 30 17:37:18 2011] [debug] Dispatching "ReFerTo::User->login".
[Tue Aug 30 17:37:18 2011] [error] Global symbol "$exists" requires explicit package name at script/../lib/ReFerTo/User.pm line 98.
Global symbol "$dbh" requires explicit package name at script/../lib/ReFerTo/User.pm line 179.
Global symbol "$dbh" requires explicit package name at script/../lib/ReFerTo/User.pm line 203.
Compilation failed in require at (eval 254) line 1.

[Tue Aug 30 17:37:18 2011] [error] Global symbol "$exists" requires explicit package name at script/../lib/ReFerTo/User.pm line 98.
Global symbol "$dbh" requires explicit package name at script/../lib/ReFerTo/User.pm line 179.
Global symbol "$dbh" requires explicit package name at script/../lib/ReFerTo/User.pm line 203.
Compilation failed in require at (eval 254) line 1.

[Tue Aug 30 17:37:18 2011] [debug] Template "exception.development.html.ep" not found.
[Tue Aug 30 17:37:18 2011] [debug] Template "exception.html.ep" not found.
[Tue Aug 30 17:37:18 2011] [debug] Rendering inline template.
[Tue Aug 30 17:37:18 2011] [debug] 500 Internal Server Error (0.035319s, 28.313/s).
[Tue Aug 30 17:38:10 2011] [info] Server listening (http://*:3000)
[Tue Aug 30 17:38:13 2011] [debug] Your secret passphrase needs to be changed!!!
[Tue Aug 30 17:38:13 2011] [debug] GET /login (Mozilla/5.0 (X11; Linux x86_64; rv:6.0) Gecko/20100101 Firefox/6.0).
[Tue Aug 30 17:38:13 2011] [debug] Dispatching "ReFerTo::User->login".
[Tue Aug 30 17:38:13 2011] [error] Global symbol "$dbh" requires explicit package name at script/../lib/ReFerTo/User.pm line 180.
Global symbol "$dbh" requires explicit package name at script/../lib/ReFerTo/User.pm line 204.
Compilation failed in require at (eval 254) line 1.

[Tue Aug 30 17:38:13 2011] [error] Global symbol "$dbh" requires explicit package name at script/../lib/ReFerTo/User.pm line 180.
Global symbol "$dbh" requires explicit package name at script/../lib/ReFerTo/User.pm line 204.
Compilation failed in require at (eval 254) line 1.

[Tue Aug 30 17:38:13 2011] [debug] Template "exception.development.html.ep" not found.
[Tue Aug 30 17:38:13 2011] [debug] Template "exception.html.ep" not found.
[Tue Aug 30 17:38:13 2011] [debug] Rendering inline template.
[Tue Aug 30 17:38:13 2011] [debug] 500 Internal Server Error (0.043070s, 23.218/s).
[Tue Aug 30 17:38:50 2011] [info] Server listening (http://*:3000)
[Tue Aug 30 17:38:51 2011] [debug] Your secret passphrase needs to be changed!!!
[Tue Aug 30 17:38:51 2011] [debug] GET /login (Mozilla/5.0 (X11; Linux x86_64; rv:6.0) Gecko/20100101 Firefox/6.0).
[Tue Aug 30 17:38:51 2011] [debug] Dispatching "ReFerTo::User->login".
[Tue Aug 30 17:38:51 2011] [error] Global symbol "%userinfo" requires explicit package name at script/../lib/ReFerTo/User.pm line 189.
Global symbol "%userinfo" requires explicit package name at script/../lib/ReFerTo/User.pm line 190.
Global symbol "%userinfo" requires explicit package name at script/../lib/ReFerTo/User.pm line 191.
Global symbol "%userinfo" requires explicit package name at script/../lib/ReFerTo/User.pm line 192.
Global symbol "%userinfo" requires explicit package name at script/../lib/ReFerTo/User.pm line 194.
Global symbol "%userinfo" requires explicit package name at script/../lib/ReFerTo/User.pm line 196.
Global symbol "%userinfo" requires explicit package name at script/../lib/ReFerTo/User.pm line 199.
Compilation failed in require at (eval 254) line 1.

[Tue Aug 30 17:38:51 2011] [error] Global symbol "%userinfo" requires explicit package name at script/../lib/ReFerTo/User.pm line 189.
Global symbol "%userinfo" requires explicit package name at script/../lib/ReFerTo/User.pm line 190.
Global symbol "%userinfo" requires explicit package name at script/../lib/ReFerTo/User.pm line 191.
Global symbol "%userinfo" requires explicit package name at script/../lib/ReFerTo/User.pm line 192.
Global symbol "%userinfo" requires explicit package name at script/../lib/ReFerTo/User.pm line 194.
Global symbol "%userinfo" requires explicit package name at script/../lib/ReFerTo/User.pm line 196.
Global symbol "%userinfo" requires explicit package name at script/../lib/ReFerTo/User.pm line 199.
Compilation failed in require at (eval 254) line 1.

[Tue Aug 30 17:38:51 2011] [debug] Template "exception.development.html.ep" not found.
[Tue Aug 30 17:38:51 2011] [debug] Template "exception.html.ep" not found.
[Tue Aug 30 17:38:51 2011] [debug] Rendering inline template.
[Tue Aug 30 17:38:51 2011] [debug] 500 Internal Server Error (0.035535s, 28.141/s).
[Tue Aug 30 17:39:45 2011] [info] Server listening (http://*:3000)
[Tue Aug 30 17:39:47 2011] [debug] Your secret passphrase needs to be changed!!!
[Tue Aug 30 17:39:47 2011] [debug] GET /login (Mozilla/5.0 (X11; Linux x86_64; rv:6.0) Gecko/20100101 Firefox/6.0).
[Tue Aug 30 17:39:47 2011] [debug] Dispatching "ReFerTo::User->login".
[Tue Aug 30 17:39:47 2011] [debug] Rendering template "user/login.html.ep".
[Tue Aug 30 17:39:48 2011] [error] Global symbol "$message" requires explicit package name at template "user/login.html.ep" line 2, near "	<h2><%= $message %></h2>".
Global symbol "$message" requires explicit package name at template "user/login.html.ep" line 3, near "<% } %>".
1: % layout 'default';
2: <% if ($message) { %>
3: 	<h2><%= $message %></h2>
4: <% } %>
5: Don't have a account yet? <a href="<%= url_for 'register' %>">Register Now!</a>
6: <form action="<%= url_for %>">
7: 	<% if (param 'name') { %>

[Tue Aug 30 17:39:48 2011] [debug] Template "exception.development.html.ep" not found.
[Tue Aug 30 17:39:48 2011] [debug] Template "exception.html.ep" not found.
[Tue Aug 30 17:39:48 2011] [debug] Rendering inline template.
[Tue Aug 30 17:39:48 2011] [debug] 500 Internal Server Error (0.186258s, 5.369/s).
[Tue Aug 30 17:56:47 2011] [info] Server listening (http://*:3000)
[Tue Aug 30 17:57:07 2011] [debug] Your secret passphrase needs to be changed!!!
[Tue Aug 30 17:57:07 2011] [debug] GET /login (Mozilla/5.0 (X11; Linux x86_64; rv:6.0) Gecko/20100101 Firefox/6.0).
[Tue Aug 30 17:57:07 2011] [debug] Dispatching "ReFerTo::User->login".
[Tue Aug 30 17:57:07 2011] [debug] Rendering template "user/login.html.ep".
[Tue Aug 30 17:57:07 2011] [error] Global symbol "$message" requires explicit package name at template "user/login.html.ep" line 2, near "	<h2><%= $message %></h2>".
Global symbol "$message" requires explicit package name at template "user/login.html.ep" line 3, near "<% } %>".
1: % layout 'default';
2: <% if ($message) { %>
3: 	<h2><%= $message %></h2>
4: <% } %>
5: Don't have a account yet? <a href="<%= url_for 'register' %>">Register Now!</a>
6: <form action="<%= url_for %>">
7: 	<% if (param 'name') { %>

[Tue Aug 30 17:57:07 2011] [debug] Template "exception.development.html.ep" not found.
[Tue Aug 30 17:57:07 2011] [debug] Template "exception.html.ep" not found.
[Tue Aug 30 17:57:07 2011] [debug] Rendering inline template.
[Tue Aug 30 17:57:07 2011] [debug] 500 Internal Server Error (0.177555s, 5.632/s).
[Tue Aug 30 18:00:52 2011] [info] Server listening (http://*:3000)
[Tue Aug 30 18:00:56 2011] [debug] Your secret passphrase needs to be changed!!!
[Tue Aug 30 18:00:56 2011] [debug] GET /login (Mozilla/5.0 (X11; Linux x86_64; rv:6.0) Gecko/20100101 Firefox/6.0).
[Tue Aug 30 18:00:56 2011] [debug] Dispatching "ReFerTo::User->login".
[Tue Aug 30 18:00:56 2011] [debug] Rendering template "user/login.html.ep".
[Tue Aug 30 18:00:56 2011] [error] Global symbol "$message" requires explicit package name at template "user/login.html.ep" line 3, near "	<h2><%= $message %></h2>".
Global symbol "$message" requires explicit package name at template "user/login.html.ep" line 4, near "<% } %> -->".
1: % layout 'default';
2: % title 'Login Page';
3: <!-- <% if ($message) { %>
4: 	<h2><%= $message %></h2>
5: <% } %> -->
6: Don't have a account yet? <a href="<%= url_for 'register' %>">Register Now!</a>
7: <form action="<%== url_for %>">
8: 	<% if (param 'name') { %>

[Tue Aug 30 18:00:56 2011] [debug] Template "exception.development.html.ep" not found.
[Tue Aug 30 18:00:56 2011] [debug] Template "exception.html.ep" not found.
[Tue Aug 30 18:00:56 2011] [debug] Rendering inline template.
[Tue Aug 30 18:00:56 2011] [debug] 500 Internal Server Error (0.051929s, 19.257/s).
[Tue Aug 30 18:02:50 2011] [info] Server listening (http://*:3000)
[Tue Aug 30 18:02:52 2011] [debug] Your secret passphrase needs to be changed!!!
[Tue Aug 30 18:02:52 2011] [debug] GET /login (Mozilla/5.0 (X11; Linux x86_64; rv:6.0) Gecko/20100101 Firefox/6.0).
[Tue Aug 30 18:02:52 2011] [debug] Dispatching "ReFerTo::User->login".
[Tue Aug 30 18:02:52 2011] [debug] Rendering template "user/login.html.ep".
[Tue Aug 30 18:02:52 2011] [error] Global symbol "$message" requires explicit package name at template "user/login.html.ep" line 4, near "<% #} %>".
1: % layout 'default';
2: % title 'Login Page';
3: <% #if ($message) { %>
4: 	<h2><%= $message %></h2>
5: <% #} %>
6: Don't have a account yet? <a href="<%= url_for 'register' %>">Register Now!</a>
7: <form action="<%== url_for %>">
8: 	<% if (param 'name') { %>
9: 		<b>Wrong name or password, please try again.</b><br />

[Tue Aug 30 18:02:52 2011] [debug] Template "exception.development.html.ep" not found.
[Tue Aug 30 18:02:52 2011] [debug] Template "exception.html.ep" not found.
[Tue Aug 30 18:02:52 2011] [debug] Rendering inline template.
[Tue Aug 30 18:02:52 2011] [debug] 500 Internal Server Error (0.051566s, 19.393/s).
[Tue Aug 30 18:03:54 2011] [info] Server listening (http://*:3000)
[Tue Aug 30 18:03:55 2011] [debug] Your secret passphrase needs to be changed!!!
[Tue Aug 30 18:03:55 2011] [debug] GET /login (Mozilla/5.0 (X11; Linux x86_64; rv:6.0) Gecko/20100101 Firefox/6.0).
[Tue Aug 30 18:03:55 2011] [debug] Dispatching "ReFerTo::User->login".
[Tue Aug 30 18:03:56 2011] [debug] Rendering template "user/login.html.ep".
[Tue Aug 30 18:03:56 2011] [error] Global symbol "$message" requires explicit package name at template "user/login.html.ep" line 4, near "<% #} %>".
1: % layout 'default';
2: % title 'Login Page';
3: <% #if ($message) { %>
4: 	<h2><%== $message %></h2>
5: <% #} %>
6: Don't have a account yet? <a href="<%= url_for 'register' %>">Register Now!</a>
7: <form action="<%== url_for %>">
8: 	<% if (param 'name') { %>
9: 		<b>Wrong name or password, please try again.</b><br />

[Tue Aug 30 18:03:56 2011] [debug] Template "exception.development.html.ep" not found.
[Tue Aug 30 18:03:56 2011] [debug] Template "exception.html.ep" not found.
[Tue Aug 30 18:03:56 2011] [debug] Rendering inline template.
[Tue Aug 30 18:03:56 2011] [debug] 500 Internal Server Error (0.062292s, 16.053/s).
[Tue Aug 30 18:04:04 2011] [info] Server listening (http://*:3000)
[Tue Aug 30 18:04:07 2011] [debug] Your secret passphrase needs to be changed!!!
[Tue Aug 30 18:04:07 2011] [debug] GET /login (Mozilla/5.0 (X11; Linux x86_64; rv:6.0) Gecko/20100101 Firefox/6.0).
[Tue Aug 30 18:04:07 2011] [debug] Dispatching "ReFerTo::User->login".
[Tue Aug 30 18:04:07 2011] [debug] Rendering template "user/login.html.ep".
[Tue Aug 30 18:04:07 2011] [error] Global symbol "$message" requires explicit package name at template "user/login.html.ep" line 4, near "<% #} %>".
syntax error at template "user/login.html.ep" line 4, near "<% #} %>".
1: % layout 'default';
2: % title 'Login Page';
3: <% #if ($message) { %>
4: 	<h2><% $message %></h2>
5: <% #} %>
6: Don't have a account yet? <a href="<%= url_for 'register' %>">Register Now!</a>
7: <form action="<%== url_for %>">
8: 	<% if (param 'name') { %>
9: 		<b>Wrong name or password, please try again.</b><br />

[Tue Aug 30 18:04:07 2011] [debug] Template "exception.development.html.ep" not found.
[Tue Aug 30 18:04:07 2011] [debug] Template "exception.html.ep" not found.
[Tue Aug 30 18:04:07 2011] [debug] Rendering inline template.
[Tue Aug 30 18:04:07 2011] [debug] 500 Internal Server Error (0.044453s, 22.496/s).
[Tue Aug 30 18:07:18 2011] [info] Server listening (http://*:3000)
[Tue Aug 30 18:07:20 2011] [debug] Your secret passphrase needs to be changed!!!
[Tue Aug 30 18:07:20 2011] [debug] GET /login (Mozilla/5.0 (X11; Linux x86_64; rv:6.0) Gecko/20100101 Firefox/6.0).
[Tue Aug 30 18:07:20 2011] [debug] Dispatching "ReFerTo::User->login".
[Tue Aug 30 18:07:20 2011] [debug] Rendering template "user/login.html.ep".
[Tue Aug 30 18:07:20 2011] [error] Global symbol "$message" requires explicit package name at template "user/login.html.ep" line 3, near "".
1: % layout 'default';
2: % title 'Login Page';
3: <h2><%= $message %></h2>
4: 
5: Don't have a account yet? <a href="<%= url_for 'register' %>">Register Now!</a>
6: <form action="<%== url_for %>">
7: 	<% if (param 'name') { %>
8: 		<b>Wrong name or password, please try again.</b><br />

[Tue Aug 30 18:07:20 2011] [debug] Template "exception.development.html.ep" not found.
[Tue Aug 30 18:07:20 2011] [debug] Template "exception.html.ep" not found.
[Tue Aug 30 18:07:20 2011] [debug] Rendering inline template.
[Tue Aug 30 18:07:20 2011] [debug] 500 Internal Server Error (0.057022s, 17.537/s).
[Tue Aug 30 18:07:44 2011] [info] Server listening (http://*:3000)
[Tue Aug 30 18:07:45 2011] [debug] Your secret passphrase needs to be changed!!!
[Tue Aug 30 18:07:45 2011] [debug] GET /login (Mozilla/5.0 (X11; Linux x86_64; rv:6.0) Gecko/20100101 Firefox/6.0).
[Tue Aug 30 18:07:45 2011] [debug] Dispatching "ReFerTo::User->login".
[Tue Aug 30 18:07:45 2011] [debug] Rendering template "user/login.html.ep".
[Tue Aug 30 18:07:45 2011] [debug] Rendering template "layouts/default.html.ep".
[Tue Aug 30 18:07:45 2011] [debug] 200 OK (0.027615s, 36.212/s).
[Tue Aug 30 18:23:02 2011] [info] Server listening (http://*:3000)
[Tue Aug 30 18:23:59 2011] [debug] Your secret passphrase needs to be changed!!!
[Tue Aug 30 18:23:59 2011] [debug] GET /login (Mozilla/5.0 (X11; Linux x86_64; rv:6.0) Gecko/20100101 Firefox/6.0).
[Tue Aug 30 18:23:59 2011] [debug] Dispatching "ReFerTo::User->login".
[Tue Aug 30 18:23:59 2011] [debug] Rendering template "user/login.html.ep".
[Tue Aug 30 18:23:59 2011] [error] Global symbol "$message" requires explicit package name at template "user/login.html.ep" line 3, near "".
1: % layout 'default';
2: % title 'Login Page';
3: <h2><%= $message %></h2>
4: 
5: Don't have a account yet? <a href="<%= url_for 'register' %>">Register Now!</a>
6: <form action="<%== url_for %>">
7: 	<% if (param 'name') { %>
8: 		<b>Wrong name or password, please try again.</b><br />

[Tue Aug 30 18:23:59 2011] [debug] Template "exception.development.html.ep" not found.
[Tue Aug 30 18:23:59 2011] [debug] Template "exception.html.ep" not found.
[Tue Aug 30 18:23:59 2011] [debug] Rendering inline template.
[Tue Aug 30 18:23:59 2011] [debug] 500 Internal Server Error (0.045375s, 22.039/s).
[Tue Aug 30 22:23:02 2011] [debug] GET /welcome (Mozilla/5.0 (X11; Linux x86_64; rv:6.0) Gecko/20100101 Firefox/6.0).
[Tue Aug 30 22:23:02 2011] [debug] Dispatching "ReFerTo::Example->welcome".
[Tue Aug 30 22:23:02 2011] [debug] 200 OK (0.204213s, 4.897/s).
[Tue Aug 30 22:23:41 2011] [info] Server listening (http://*:3000)
[Tue Aug 30 22:23:43 2011] [debug] Your secret passphrase needs to be changed!!!
[Tue Aug 30 22:23:43 2011] [debug] GET /welcome (Mozilla/5.0 (X11; Linux x86_64; rv:6.0) Gecko/20100101 Firefox/6.0).
[Tue Aug 30 22:23:43 2011] [debug] Dispatching "ReFerTo::Example->welcome".
[Tue Aug 30 22:23:43 2011] [debug] Rendering template "example/welcome.html.ep".
[Tue Aug 30 22:23:43 2011] [debug] Rendering template "layouts/default.html.ep".
[Tue Aug 30 22:23:43 2011] [debug] 200 OK (0.123486s, 8.098/s).
[Tue Aug 30 22:25:14 2011] [info] Server listening (http://*:3000)
[Tue Aug 30 22:25:17 2011] [debug] Your secret passphrase needs to be changed!!!
[Tue Aug 30 22:25:17 2011] [debug] GET /login (Mozilla/5.0 (X11; Linux x86_64; rv:6.0) Gecko/20100101 Firefox/6.0).
[Tue Aug 30 22:25:17 2011] [debug] Dispatching "ReFerTo::User->login".
[Tue Aug 30 22:25:17 2011] [debug] Rendering template "user/login.html.ep".
[Tue Aug 30 22:25:17 2011] [error] Global symbol "$message" requires explicit package name at template "user/login.html.ep" line 3, near "".
1: % layout 'default';
2: % title 'Login Page';
3: <h2><%= $message %></h2>
4: 
5: Don't have a account yet? <a href="<%= url_for 'register' %>">Register Now!</a>
6: <form action="<%== url_for %>">
7: 	<% if (param 'name') { %>
8: 		<b>Wrong name or password, please try again.</b><br />

[Tue Aug 30 22:25:17 2011] [debug] Template "exception.development.html.ep" not found.
[Tue Aug 30 22:25:17 2011] [debug] Template "exception.html.ep" not found.
[Tue Aug 30 22:25:17 2011] [debug] Rendering inline template.
[Tue Aug 30 22:25:17 2011] [debug] 500 Internal Server Error (0.107614s, 9.292/s).
[Tue Aug 30 22:26:47 2011] [info] Server listening (http://*:3000)
[Tue Aug 30 22:26:50 2011] [debug] Your secret passphrase needs to be changed!!!
[Tue Aug 30 22:26:50 2011] [debug] GET /login (Mozilla/5.0 (X11; Linux x86_64; rv:6.0) Gecko/20100101 Firefox/6.0).
[Tue Aug 30 22:26:50 2011] [debug] Dispatching "ReFerTo::User->login".
[Tue Aug 30 22:26:50 2011] [debug] Rendering template "user/login.html.ep".
[Tue Aug 30 22:26:50 2011] [error] Global symbol "$message" requires explicit package name at template "user/login.html.ep" line 3, near "This page was generated from the template".
1: % layout 'default';
2: % title 'Welcome';
3: <h2><%= $message %></h2>
4: This page was generated from the template
5: "templates/example/welcome.html.ep" and the layout
6: "templates/layouts/default.html.ep",
7: <a href="<%== url_for %>">click here</a>
8: to reload the page or

[Tue Aug 30 22:26:50 2011] [debug] Template "exception.development.html.ep" not found.
[Tue Aug 30 22:26:50 2011] [debug] Template "exception.html.ep" not found.
[Tue Aug 30 22:26:50 2011] [debug] Rendering inline template.
[Tue Aug 30 22:26:50 2011] [debug] 500 Internal Server Error (0.054174s, 18.459/s).
[Tue Aug 30 22:27:39 2011] [info] Server listening (http://*:3000)
[Tue Aug 30 22:27:41 2011] [debug] Your secret passphrase needs to be changed!!!
[Tue Aug 30 22:27:41 2011] [debug] GET /login (Mozilla/5.0 (X11; Linux x86_64; rv:6.0) Gecko/20100101 Firefox/6.0).
[Tue Aug 30 22:27:41 2011] [debug] Dispatching "ReFerTo::User->login".
[Tue Aug 30 22:27:41 2011] [error] ReFerTo/User.pm did not return a true value at (eval 254) line 1.

[Tue Aug 30 22:27:41 2011] [error] ReFerTo/User.pm did not return a true value at (eval 254) line 1.

[Tue Aug 30 22:27:41 2011] [debug] Template "exception.development.html.ep" not found.
[Tue Aug 30 22:27:41 2011] [debug] Template "exception.html.ep" not found.
[Tue Aug 30 22:27:41 2011] [debug] Rendering inline template.
[Tue Aug 30 22:27:41 2011] [debug] 500 Internal Server Error (0.030017s, 33.314/s).
[Tue Aug 30 22:28:32 2011] [info] Server listening (http://*:3000)
[Tue Aug 30 22:28:36 2011] [debug] Your secret passphrase needs to be changed!!!
[Tue Aug 30 22:28:36 2011] [debug] GET /login (Mozilla/5.0 (X11; Linux x86_64; rv:6.0) Gecko/20100101 Firefox/6.0).
[Tue Aug 30 22:28:36 2011] [debug] Dispatching "ReFerTo::User->login".
[Tue Aug 30 22:28:36 2011] [debug] Rendering template "user/login.html.ep".
[Tue Aug 30 22:28:36 2011] [error] Global symbol "$message" requires explicit package name at template "user/login.html.ep" line 3, near "This page was generated from the template".
1: % layout 'default';
2: % title 'Welcome';
3: <h2><%= $message %></h2>
4: This page was generated from the template
5: "templates/example/welcome.html.ep" and the layout
6: "templates/layouts/default.html.ep",
7: <a href="<%== url_for %>">click here</a>
8: to reload the page or

[Tue Aug 30 22:28:36 2011] [debug] Template "exception.development.html.ep" not found.
[Tue Aug 30 22:28:36 2011] [debug] Template "exception.html.ep" not found.
[Tue Aug 30 22:28:36 2011] [debug] Rendering inline template.
[Tue Aug 30 22:28:36 2011] [debug] 500 Internal Server Error (0.048832s, 20.478/s).
[Tue Aug 30 22:29:23 2011] [info] Server listening (http://*:3000)
[Tue Aug 30 22:29:26 2011] [debug] Your secret passphrase needs to be changed!!!
[Tue Aug 30 22:29:26 2011] [debug] GET /login (Mozilla/5.0 (X11; Linux x86_64; rv:6.0) Gecko/20100101 Firefox/6.0).
[Tue Aug 30 22:29:26 2011] [debug] Dispatching "ReFerTo::User->login".
[Tue Aug 30 22:29:26 2011] [debug] Rendering template "user/login.html.ep".
[Tue Aug 30 22:29:26 2011] [debug] Rendering template "layouts/default.html.ep".
[Tue Aug 30 22:29:26 2011] [debug] 200 OK (0.022433s, 44.577/s).
[Tue Aug 30 22:30:34 2011] [info] Server listening (http://*:3000)
[Tue Aug 30 22:30:37 2011] [debug] Your secret passphrase needs to be changed!!!
[Tue Aug 30 22:30:37 2011] [debug] GET /login (Mozilla/5.0 (X11; Linux x86_64; rv:6.0) Gecko/20100101 Firefox/6.0).
[Tue Aug 30 22:30:37 2011] [debug] Dispatching "ReFerTo::User->login".
[Tue Aug 30 22:30:37 2011] [debug] Rendering template "user/login.html.ep".
[Tue Aug 30 22:30:37 2011] [debug] Rendering template "layouts/default.html.ep".
[Tue Aug 30 22:30:37 2011] [debug] 200 OK (0.023418s, 42.702/s).
[Tue Aug 30 22:30:42 2011] [debug] GET /register (Mozilla/5.0 (X11; Linux x86_64; rv:6.0) Gecko/20100101 Firefox/6.0).
[Tue Aug 30 22:30:42 2011] [debug] Dispatching "ReFerTo::User->register".
[Tue Aug 30 22:30:42 2011] [error] Can't call method "app" on an undefined value at /home/matthew/perl5/perlbrew/perls/perl-5.12.3/lib/site_perl/5.12.3/Mojolicious/Controller.pm line 60.

[Tue Aug 30 22:30:42 2011] [error] Can't call method "app" on an undefined value at /home/matthew/perl5/perlbrew/perls/perl-5.12.3/lib/site_perl/5.12.3/Mojolicious/Controller.pm line 60.

[Tue Aug 30 22:30:42 2011] [debug] Template "exception.development.html.ep" not found.
[Tue Aug 30 22:30:42 2011] [debug] Template "exception.html.ep" not found.
[Tue Aug 30 22:30:42 2011] [debug] Rendering inline template.
[Tue Aug 30 22:30:42 2011] [debug] 500 Internal Server Error (0.029280s, 34.153/s).
[Tue Aug 30 22:30:42 2011] [error] Can't call method "app" on an undefined value at /home/matthew/perl5/perlbrew/perls/perl-5.12.3/lib/site_perl/5.12.3/Mojolicious/Controller.pm line 60.

[Tue Aug 30 22:31:09 2011] [debug] GET /register (Mozilla/5.0 (X11; Linux x86_64; rv:6.0) Gecko/20100101 Firefox/6.0).
[Tue Aug 30 22:31:09 2011] [debug] Dispatching "ReFerTo::User->register".
[Tue Aug 30 22:31:09 2011] [error] Can't call method "app" on an undefined value at /home/matthew/perl5/perlbrew/perls/perl-5.12.3/lib/site_perl/5.12.3/Mojolicious/Controller.pm line 60.

[Tue Aug 30 22:31:09 2011] [error] Can't call method "app" on an undefined value at /home/matthew/perl5/perlbrew/perls/perl-5.12.3/lib/site_perl/5.12.3/Mojolicious/Controller.pm line 60.

[Tue Aug 30 22:31:09 2011] [debug] Template "exception.development.html.ep" not found.
[Tue Aug 30 22:31:09 2011] [debug] Template "exception.html.ep" not found.
[Tue Aug 30 22:31:09 2011] [debug] 500 Internal Server Error (0.019608s, 51.000/s).
[Tue Aug 30 22:31:09 2011] [error] Can't call method "app" on an undefined value at /home/matthew/perl5/perlbrew/perls/perl-5.12.3/lib/site_perl/5.12.3/Mojolicious/Controller.pm line 60.

[Tue Aug 30 22:32:34 2011] [info] Server listening (http://*:3000)
[Tue Aug 30 22:32:37 2011] [debug] Your secret passphrase needs to be changed!!!
[Tue Aug 30 22:32:37 2011] [debug] GET /register (Mozilla/5.0 (X11; Linux x86_64; rv:6.0) Gecko/20100101 Firefox/6.0).
[Tue Aug 30 22:32:37 2011] [debug] Dispatching "ReFerTo::User->register".
[Tue Aug 30 22:32:37 2011] [error] Global symbol "$memd" requires explicit package name at script/../lib/ReFerTo/User.pm line 244.
Global symbol "$dbh" requires explicit package name at script/../lib/ReFerTo/User.pm line 250.
Compilation failed in require at (eval 254) line 1.

[Tue Aug 30 22:32:37 2011] [error] Global symbol "$memd" requires explicit package name at script/../lib/ReFerTo/User.pm line 244.
Global symbol "$dbh" requires explicit package name at script/../lib/ReFerTo/User.pm line 250.
Compilation failed in require at (eval 254) line 1.

[Tue Aug 30 22:32:37 2011] [debug] Template "exception.development.html.ep" not found.
[Tue Aug 30 22:32:37 2011] [debug] Template "exception.html.ep" not found.
[Tue Aug 30 22:32:37 2011] [debug] Rendering inline template.
[Tue Aug 30 22:32:37 2011] [debug] 500 Internal Server Error (0.034450s, 29.028/s).
[Tue Aug 30 22:33:16 2011] [info] Server listening (http://*:3000)
[Tue Aug 30 22:33:19 2011] [debug] Your secret passphrase needs to be changed!!!
[Tue Aug 30 22:33:19 2011] [debug] GET /register (Mozilla/5.0 (X11; Linux x86_64; rv:6.0) Gecko/20100101 Firefox/6.0).
[Tue Aug 30 22:33:19 2011] [debug] Dispatching "ReFerTo::User->register".
[Tue Aug 30 22:33:19 2011] [error] Global symbol "$memd" requires explicit package name at script/../lib/ReFerTo/User.pm line 244.
Compilation failed in require at (eval 254) line 1.

[Tue Aug 30 22:33:19 2011] [error] Global symbol "$memd" requires explicit package name at script/../lib/ReFerTo/User.pm line 244.
Compilation failed in require at (eval 254) line 1.

[Tue Aug 30 22:33:19 2011] [debug] Template "exception.development.html.ep" not found.
[Tue Aug 30 22:33:19 2011] [debug] Template "exception.html.ep" not found.
[Tue Aug 30 22:33:19 2011] [debug] Rendering inline template.
[Tue Aug 30 22:33:19 2011] [debug] 500 Internal Server Error (0.030985s, 32.274/s).
[Tue Aug 30 22:33:37 2011] [info] Server listening (http://*:3000)
[Tue Aug 30 22:33:40 2011] [debug] Your secret passphrase needs to be changed!!!
[Tue Aug 30 22:33:40 2011] [debug] GET /register (Mozilla/5.0 (X11; Linux x86_64; rv:6.0) Gecko/20100101 Firefox/6.0).
[Tue Aug 30 22:33:40 2011] [debug] Dispatching "ReFerTo::User->register".
[Tue Aug 30 22:33:40 2011] [error] Global symbol "$user_status" requires explicit package name at script/../lib/ReFerTo/User.pm line 245.
Global symbol "$user_status" requires explicit package name at script/../lib/ReFerTo/User.pm line 245.
Compilation failed in require at (eval 254) line 1.

[Tue Aug 30 22:33:40 2011] [error] Global symbol "$user_status" requires explicit package name at script/../lib/ReFerTo/User.pm line 245.
Global symbol "$user_status" requires explicit package name at script/../lib/ReFerTo/User.pm line 245.
Compilation failed in require at (eval 254) line 1.

[Tue Aug 30 22:33:40 2011] [debug] Template "exception.development.html.ep" not found.
[Tue Aug 30 22:33:40 2011] [debug] Template "exception.html.ep" not found.
[Tue Aug 30 22:33:40 2011] [debug] Rendering inline template.
[Tue Aug 30 22:33:40 2011] [debug] 500 Internal Server Error (0.043602s, 22.935/s).
[Tue Aug 30 22:34:13 2011] [info] Server listening (http://*:3000)
[Tue Aug 30 22:34:16 2011] [debug] Your secret passphrase needs to be changed!!!
[Tue Aug 30 22:34:16 2011] [debug] GET /register (Mozilla/5.0 (X11; Linux x86_64; rv:6.0) Gecko/20100101 Firefox/6.0).
[Tue Aug 30 22:34:16 2011] [debug] Dispatching "ReFerTo::User->register".
[Tue Aug 30 22:34:16 2011] [error] Bareword "gettimeofday" not allowed while "strict subs" in use at script/../lib/ReFerTo/User.pm line 278.
Compilation failed in require at (eval 254) line 1.

[Tue Aug 30 22:34:16 2011] [error] Bareword "gettimeofday" not allowed while "strict subs" in use at script/../lib/ReFerTo/User.pm line 278.
Compilation failed in require at (eval 254) line 1.

[Tue Aug 30 22:34:16 2011] [debug] Template "exception.development.html.ep" not found.
[Tue Aug 30 22:34:16 2011] [debug] Template "exception.html.ep" not found.
[Tue Aug 30 22:34:16 2011] [debug] Rendering inline template.
[Tue Aug 30 22:34:16 2011] [debug] 500 Internal Server Error (0.034771s, 28.760/s).
[Tue Aug 30 22:34:40 2011] [info] Server listening (http://*:3000)
[Tue Aug 30 22:34:43 2011] [debug] Your secret passphrase needs to be changed!!!
[Tue Aug 30 22:34:43 2011] [debug] GET /register (Mozilla/5.0 (X11; Linux x86_64; rv:6.0) Gecko/20100101 Firefox/6.0).
[Tue Aug 30 22:34:43 2011] [debug] Dispatching "ReFerTo::User->register".
[Tue Aug 30 22:34:43 2011] [debug] Rendering template "user/register.html.ep".
[Tue Aug 30 22:34:43 2011] [debug] Rendering template "layouts/default.html.ep".
[Tue Aug 30 22:34:43 2011] [debug] 200 OK (0.026217s, 38.143/s).
[Tue Aug 30 22:35:18 2011] [debug] POST /register (Mozilla/5.0 (X11; Linux x86_64; rv:6.0) Gecko/20100101 Firefox/6.0).
[Tue Aug 30 22:35:18 2011] [debug] Dispatching "ReFerTo::User->register".
[Tue Aug 30 22:35:18 2011] [debug] 302 Found (0.002156s, 463.822/s).
[Tue Aug 30 22:35:18 2011] [debug] GET /index (Mozilla/5.0 (X11; Linux x86_64; rv:6.0) Gecko/20100101 Firefox/6.0).
[Tue Aug 30 22:35:18 2011] [debug] Template "not_found.development.html.ep" not found.
[Tue Aug 30 22:35:18 2011] [debug] Template "not_found.html.ep" not found.
[Tue Aug 30 22:35:18 2011] [debug] Rendering inline template.
[Tue Aug 30 22:35:18 2011] [debug] 404 Not Found (0.010938s, 91.424/s).
[Tue Aug 30 22:35:55 2011] [info] Server listening (http://*:3000)
[Tue Aug 30 22:36:02 2011] [debug] Your secret passphrase needs to be changed!!!
[Tue Aug 30 22:36:02 2011] [debug] POST /register (Mozilla/5.0 (X11; Linux x86_64; rv:6.0) Gecko/20100101 Firefox/6.0).
[Tue Aug 30 22:36:02 2011] [debug] Dispatching "ReFerTo::User->register".
[Tue Aug 30 22:36:02 2011] [debug] 302 Found (0.003491s, 286.451/s).
[Tue Aug 30 22:36:03 2011] [debug] GET /index (Mozilla/5.0 (X11; Linux x86_64; rv:6.0) Gecko/20100101 Firefox/6.0).
[Tue Aug 30 22:36:03 2011] [debug] Dispatching "ReFerTo::Page->index".
[Tue Aug 30 22:36:03 2011] [debug] Rendering template "page/index.html.ep".
[Tue Aug 30 22:36:03 2011] [debug] Rendering template "layouts/default.html.ep".
[Tue Aug 30 22:36:03 2011] [debug] 200 OK (0.053075s, 18.841/s).
[Tue Aug 30 22:36:09 2011] [debug] GET /index (Mozilla/5.0 (X11; Linux x86_64; rv:6.0) Gecko/20100101 Firefox/6.0).
[Tue Aug 30 22:36:09 2011] [debug] Dispatching "ReFerTo::Page->index".
[Tue Aug 30 22:36:09 2011] [debug] Rendering template "page/index.html.ep".
[Tue Aug 30 22:36:09 2011] [debug] Rendering template "layouts/default.html.ep".
[Tue Aug 30 22:36:09 2011] [debug] 200 OK (0.012696s, 78.765/s).
[Thu Sep  1 04:21:05 2011] [info] Server listening (http://*:3000)
[Thu Sep  1 04:21:35 2011] [info] Server listening (http://*:3000)
[Thu Sep  1 04:21:43 2011] [debug] Your secret passphrase needs to be changed!!!
[Thu Sep  1 04:21:43 2011] [debug] GET /index (Mozilla/5.0 (X11; Linux x86_64; rv:6.0) Gecko/20100101 Firefox/6.0).
[Thu Sep  1 04:21:43 2011] [debug] Dispatching "ReFerTo::Page->index".
[Thu Sep  1 04:21:43 2011] [debug] Rendering template "page/index.html.ep".
[Thu Sep  1 04:21:43 2011] [debug] Rendering template "layouts/default.html.ep".
[Thu Sep  1 04:21:43 2011] [debug] 200 OK (0.252580s, 3.959/s).
[Thu Sep  1 04:21:46 2011] [debug] GET /login (Mozilla/5.0 (X11; Linux x86_64; rv:6.0) Gecko/20100101 Firefox/6.0).
[Thu Sep  1 04:21:46 2011] [debug] Dispatching "ReFerTo::User->login".
[Thu Sep  1 04:21:46 2011] [debug] Rendering template "user/login.html.ep".
[Thu Sep  1 04:21:46 2011] [debug] Rendering template "layouts/default.html.ep".
[Thu Sep  1 04:21:46 2011] [debug] 200 OK (0.038946s, 25.677/s).
[Thu Sep  1 04:22:00 2011] [debug] GET /login (Mozilla/5.0 (X11; Linux x86_64; rv:6.0) Gecko/20100101 Firefox/6.0).
[Thu Sep  1 04:22:00 2011] [debug] Dispatching "ReFerTo::User->login".
[Thu Sep  1 04:22:00 2011] [debug] 200 OK (0.003453s, 289.603/s).
[Thu Sep  1 04:22:04 2011] [debug] GET /register (Mozilla/5.0 (X11; Linux x86_64; rv:6.0) Gecko/20100101 Firefox/6.0).
[Thu Sep  1 04:22:04 2011] [debug] Dispatching "ReFerTo::User->register".
[Thu Sep  1 04:22:04 2011] [debug] Rendering template "user/register.html.ep".
[Thu Sep  1 04:22:04 2011] [debug] Rendering template "layouts/default.html.ep".
[Thu Sep  1 04:22:04 2011] [debug] 200 OK (0.020008s, 49.980/s).
[Thu Sep  1 04:22:22 2011] [debug] POST /register (Mozilla/5.0 (X11; Linux x86_64; rv:6.0) Gecko/20100101 Firefox/6.0).
[Thu Sep  1 04:22:22 2011] [debug] Dispatching "ReFerTo::User->register".
[Thu Sep  1 04:22:22 2011] [debug] 302 Found (0.005542s, 180.440/s).
[Thu Sep  1 04:22:23 2011] [debug] GET /index (Mozilla/5.0 (X11; Linux x86_64; rv:6.0) Gecko/20100101 Firefox/6.0).
[Thu Sep  1 04:22:23 2011] [debug] Dispatching "ReFerTo::Page->index".
[Thu Sep  1 04:22:23 2011] [debug] Rendering template "page/index.html.ep".
[Thu Sep  1 04:22:23 2011] [debug] Rendering template "layouts/default.html.ep".
[Thu Sep  1 04:22:23 2011] [debug] 200 OK (0.015428s, 64.817/s).
[Thu Sep  1 04:22:25 2011] [debug] GET /login (Mozilla/5.0 (X11; Linux x86_64; rv:6.0) Gecko/20100101 Firefox/6.0).
[Thu Sep  1 04:22:25 2011] [debug] Dispatching "ReFerTo::User->login".
[Thu Sep  1 04:22:25 2011] [debug] 200 OK (0.003458s, 289.184/s).
[Thu Sep  1 04:22:35 2011] [debug] GET /login (Mozilla/5.0 (X11; Linux x86_64; rv:6.0) Gecko/20100101 Firefox/6.0).
[Thu Sep  1 04:22:35 2011] [debug] Dispatching "ReFerTo::User->login".
[Thu Sep  1 04:22:35 2011] [debug] 200 OK (0.007997s, 125.047/s).
[Thu Sep  1 04:22:52 2011] [debug] GET /user/edit (Mozilla/5.0 (X11; Linux x86_64; rv:6.0) Gecko/20100101 Firefox/6.0).
[Thu Sep  1 04:22:52 2011] [debug] Dispatching "ReFerTo::User->edit".
[Thu Sep  1 04:22:52 2011] [debug] 302 Found (0.002223s, 449.843/s).
[Thu Sep  1 04:22:52 2011] [error] Can't call method "app" on unblessed reference at /home/matthew/perl5/perlbrew/perls/perl-5.12.3/lib/site_perl/5.12.3/Mojolicious/Controller.pm line 60.

[Thu Sep  1 04:22:52 2011] [error] Can't call method "app" on unblessed reference at /home/matthew/perl5/perlbrew/perls/perl-5.12.3/lib/site_perl/5.12.3/Mojolicious/Controller.pm line 60.

[Thu Sep  1 04:22:52 2011] [debug] Template "exception.development.html.ep" not found.
[Thu Sep  1 04:22:52 2011] [debug] Template "exception.html.ep" not found.
[Thu Sep  1 04:22:52 2011] [debug] Rendering inline template.
[Thu Sep  1 04:22:52 2011] [error] Can't call method "app" on unblessed reference at /home/matthew/perl5/perlbrew/perls/perl-5.12.3/lib/site_perl/5.12.3/Mojolicious/Controller.pm line 60.

[Thu Sep  1 04:24:40 2011] [info] Server listening (http://*:3000)
[Thu Sep  1 04:24:44 2011] [debug] Your secret passphrase needs to be changed!!!
[Thu Sep  1 04:24:44 2011] [debug] GET /user/edit (Mozilla/5.0 (X11; Linux x86_64; rv:6.0) Gecko/20100101 Firefox/6.0).
[Thu Sep  1 04:24:44 2011] [debug] Dispatching "ReFerTo::User->edit".
[Thu Sep  1 04:24:44 2011] [debug] 302 Found (0.002625s, 380.952/s).
[Thu Sep  1 04:24:44 2011] [debug] Rendering template "user/edit.html.ep".
[Thu Sep  1 04:24:44 2011] [debug] Rendering template "layouts/default.html.ep".
[Thu Sep  1 04:24:44 2011] [debug] GET /login (Mozilla/5.0 (X11; Linux x86_64; rv:6.0) Gecko/20100101 Firefox/6.0).
[Thu Sep  1 04:24:44 2011] [debug] Dispatching "ReFerTo::User->login".
[Thu Sep  1 04:24:44 2011] [debug] Rendering template "user/login.html.ep".
[Thu Sep  1 04:24:44 2011] [debug] Rendering template "layouts/default.html.ep".
[Thu Sep  1 04:24:44 2011] [debug] 200 OK (0.008392s, 119.161/s).
[Thu Sep  1 04:24:49 2011] [debug] GET /user/edit (Mozilla/5.0 (X11; Linux x86_64; rv:6.0) Gecko/20100101 Firefox/6.0).
[Thu Sep  1 04:24:49 2011] [debug] Dispatching "ReFerTo::User->edit".
[Thu Sep  1 04:24:49 2011] [debug] 302 Found (0.001303s, 767.460/s).
[Thu Sep  1 04:24:49 2011] [debug] Rendering template "user/edit.html.ep".
[Thu Sep  1 04:24:49 2011] [debug] Rendering template "layouts/default.html.ep".
[Thu Sep  1 04:24:49 2011] [debug] GET /login (Mozilla/5.0 (X11; Linux x86_64; rv:6.0) Gecko/20100101 Firefox/6.0).
[Thu Sep  1 04:24:49 2011] [debug] Dispatching "ReFerTo::User->login".
[Thu Sep  1 04:24:49 2011] [debug] 200 OK (0.003260s, 306.748/s).
[Thu Sep  1 04:24:52 2011] [debug] GET /user/edit (Mozilla/5.0 (X11; Linux x86_64; rv:6.0) Gecko/20100101 Firefox/6.0).
[Thu Sep  1 04:24:52 2011] [debug] Dispatching "ReFerTo::User->edit".
[Thu Sep  1 04:24:52 2011] [debug] 302 Found (0.001305s, 766.284/s).
[Thu Sep  1 04:24:52 2011] [debug] GET /login (Mozilla/5.0 (X11; Linux x86_64; rv:6.0) Gecko/20100101 Firefox/6.0).
[Thu Sep  1 04:24:52 2011] [debug] Dispatching "ReFerTo::User->login".
[Thu Sep  1 04:24:52 2011] [debug] 200 OK (0.003473s, 287.936/s).
[Thu Sep  1 04:24:53 2011] [debug] GET /user/edit (Mozilla/5.0 (X11; Linux x86_64; rv:6.0) Gecko/20100101 Firefox/6.0).
[Thu Sep  1 04:24:53 2011] [debug] Dispatching "ReFerTo::User->edit".
[Thu Sep  1 04:24:53 2011] [debug] 302 Found (0.001089s, 918.274/s).
[Thu Sep  1 04:24:53 2011] [debug] GET /login (Mozilla/5.0 (X11; Linux x86_64; rv:6.0) Gecko/20100101 Firefox/6.0).
[Thu Sep  1 04:24:53 2011] [debug] Dispatching "ReFerTo::User->login".
[Thu Sep  1 04:24:53 2011] [debug] 200 OK (0.005859s, 170.678/s).
[Thu Sep  1 04:24:54 2011] [debug] GET /user/edit (Mozilla/5.0 (X11; Linux x86_64; rv:6.0) Gecko/20100101 Firefox/6.0).
[Thu Sep  1 04:24:54 2011] [debug] Dispatching "ReFerTo::User->edit".
[Thu Sep  1 04:24:54 2011] [debug] 302 Found (0.001257s, 795.545/s).
[Thu Sep  1 04:24:54 2011] [debug] GET /login (Mozilla/5.0 (X11; Linux x86_64; rv:6.0) Gecko/20100101 Firefox/6.0).
[Thu Sep  1 04:24:54 2011] [debug] Dispatching "ReFerTo::User->login".
[Thu Sep  1 04:24:54 2011] [debug] 200 OK (0.003776s, 264.831/s).
[Thu Sep  1 04:24:55 2011] [debug] GET /user/edit (Mozilla/5.0 (X11; Linux x86_64; rv:6.0) Gecko/20100101 Firefox/6.0).
[Thu Sep  1 04:24:55 2011] [debug] Dispatching "ReFerTo::User->edit".
[Thu Sep  1 04:24:55 2011] [debug] 302 Found (0.001390s, 719.424/s).
[Thu Sep  1 04:24:55 2011] [debug] GET /login (Mozilla/5.0 (X11; Linux x86_64; rv:6.0) Gecko/20100101 Firefox/6.0).
[Thu Sep  1 04:24:55 2011] [debug] Dispatching "ReFerTo::User->login".
[Thu Sep  1 04:24:55 2011] [debug] 200 OK (0.003144s, 318.066/s).
[Thu Sep  1 04:24:56 2011] [debug] GET /user/edit (Mozilla/5.0 (X11; Linux x86_64; rv:6.0) Gecko/20100101 Firefox/6.0).
[Thu Sep  1 04:24:56 2011] [debug] Dispatching "ReFerTo::User->edit".
[Thu Sep  1 04:24:56 2011] [debug] 302 Found (0.001130s, 884.956/s).
[Thu Sep  1 04:24:56 2011] [debug] GET /login (Mozilla/5.0 (X11; Linux x86_64; rv:6.0) Gecko/20100101 Firefox/6.0).
[Thu Sep  1 04:24:56 2011] [debug] Dispatching "ReFerTo::User->login".
[Thu Sep  1 04:24:56 2011] [debug] 200 OK (0.003115s, 321.027/s).
[Thu Sep  1 04:24:57 2011] [debug] GET /user/edit (Mozilla/5.0 (X11; Linux x86_64; rv:6.0) Gecko/20100101 Firefox/6.0).
[Thu Sep  1 04:24:57 2011] [debug] Dispatching "ReFerTo::User->edit".
[Thu Sep  1 04:24:57 2011] [debug] 302 Found (0.001055s, 947.867/s).
[Thu Sep  1 04:24:57 2011] [debug] GET /login (Mozilla/5.0 (X11; Linux x86_64; rv:6.0) Gecko/20100101 Firefox/6.0).
[Thu Sep  1 04:24:57 2011] [debug] Dispatching "ReFerTo::User->login".
[Thu Sep  1 04:24:57 2011] [debug] 200 OK (0.003394s, 294.638/s).
[Thu Sep  1 04:24:58 2011] [debug] GET /user/edit (Mozilla/5.0 (X11; Linux x86_64; rv:6.0) Gecko/20100101 Firefox/6.0).
[Thu Sep  1 04:24:58 2011] [debug] Dispatching "ReFerTo::User->edit".
[Thu Sep  1 04:24:58 2011] [debug] 302 Found (0.001269s, 788.022/s).
[Thu Sep  1 04:24:58 2011] [debug] GET /login (Mozilla/5.0 (X11; Linux x86_64; rv:6.0) Gecko/20100101 Firefox/6.0).
[Thu Sep  1 04:24:58 2011] [debug] Dispatching "ReFerTo::User->login".
[Thu Sep  1 04:24:58 2011] [debug] 200 OK (0.003169s, 315.557/s).
[Thu Sep  1 04:24:59 2011] [debug] GET /user/edit (Mozilla/5.0 (X11; Linux x86_64; rv:6.0) Gecko/20100101 Firefox/6.0).
[Thu Sep  1 04:24:59 2011] [debug] Dispatching "ReFerTo::User->edit".
[Thu Sep  1 04:24:59 2011] [debug] 302 Found (0.001292s, 773.994/s).
[Thu Sep  1 04:24:59 2011] [debug] GET /login (Mozilla/5.0 (X11; Linux x86_64; rv:6.0) Gecko/20100101 Firefox/6.0).
[Thu Sep  1 04:24:59 2011] [debug] Dispatching "ReFerTo::User->login".
[Thu Sep  1 04:24:59 2011] [debug] 200 OK (0.003496s, 286.041/s).
[Thu Sep  1 04:25:00 2011] [debug] GET /pic_edit (Mozilla/5.0 (X11; Linux x86_64; rv:6.0) Gecko/20100101 Firefox/6.0).
[Thu Sep  1 04:25:00 2011] [debug] Template "not_found.development.html.ep" not found.
[Thu Sep  1 04:25:00 2011] [debug] Template "not_found.html.ep" not found.
[Thu Sep  1 04:25:00 2011] [debug] Rendering inline template.
[Thu Sep  1 04:25:00 2011] [debug] 404 Not Found (0.009904s, 100.969/s).
[Thu Sep  1 04:25:07 2011] [debug] GET /logout (Mozilla/5.0 (X11; Linux x86_64; rv:6.0) Gecko/20100101 Firefox/6.0).
[Thu Sep  1 04:25:07 2011] [debug] Dispatching "ReFerTo::User->logout".
[Thu Sep  1 04:25:07 2011] [debug] 302 Found (0.001278s, 782.473/s).
[Thu Sep  1 04:25:07 2011] [debug] GET /index (Mozilla/5.0 (X11; Linux x86_64; rv:6.0) Gecko/20100101 Firefox/6.0).
[Thu Sep  1 04:25:07 2011] [debug] Dispatching "ReFerTo::Page->index".
[Thu Sep  1 04:25:07 2011] [debug] Rendering template "page/index.html.ep".
[Thu Sep  1 04:25:07 2011] [debug] Rendering template "layouts/default.html.ep".
[Thu Sep  1 04:25:07 2011] [debug] 200 OK (0.007848s, 127.421/s).
[Thu Sep  1 04:25:51 2011] [debug] GET /user/edit (Anonymojo).
[Thu Sep  1 04:25:51 2011] [debug] Dispatching "ReFerTo::User->edit".
[Thu Sep  1 04:25:51 2011] [debug] 302 Found (0.002656s, 376.506/s).
[Thu Sep  1 04:27:35 2011] [info] Server listening (http://*:3000)
[Thu Sep  1 04:27:45 2011] [debug] Your secret passphrase needs to be changed!!!
[Thu Sep  1 04:27:45 2011] [debug] GET /user/edit (Anonymojo).
[Thu Sep  1 04:27:45 2011] [debug] Dispatching "ReFerTo::User->edit".
[Thu Sep  1 04:27:45 2011] [debug] 302 Found (0.007242s, 138.083/s).
[Thu Sep  1 04:27:45 2011] [debug] Rendering template "user/edit.html.ep".
[Thu Sep  1 04:27:45 2011] [debug] Rendering template "layouts/default.html.ep".
[Thu Sep  1 04:29:00 2011] [info] Server listening (http://*:3000)
[Thu Sep  1 04:29:03 2011] [debug] Your secret passphrase needs to be changed!!!
[Thu Sep  1 04:29:03 2011] [debug] GET /user/edit (Anonymojo).
[Thu Sep  1 04:29:03 2011] [debug] Dispatching "ReFerTo::User->edit".
[Thu Sep  1 04:29:04 2011] [debug] 302 Found (0.007263s, 137.684/s).
[Thu Sep  1 04:29:27 2011] [debug] GET / (Anonymojo).
[Thu Sep  1 04:29:27 2011] [debug] Dispatching "ReFerTo::Page->index".
[Thu Sep  1 04:29:27 2011] [debug] Rendering template "page/index.html.ep".
[Thu Sep  1 04:29:27 2011] [debug] Rendering template "layouts/default.html.ep".
[Thu Sep  1 04:29:27 2011] [debug] 400 Bad Request (0.030118s, 33.203/s).
[Thu Sep  1 04:29:32 2011] [debug] GET /user/edit (Anonymojo).
[Thu Sep  1 04:29:32 2011] [debug] Dispatching "ReFerTo::User->edit".
[Thu Sep  1 04:29:32 2011] [debug] 302 Found (0.002703s, 369.959/s).
[Thu Sep  1 04:29:49 2011] [info] Server listening (http://*:3000)
[Thu Sep  1 04:29:52 2011] [debug] Your secret passphrase needs to be changed!!!
[Thu Sep  1 04:29:52 2011] [debug] GET /user/edit (Anonymojo).
[Thu Sep  1 04:29:52 2011] [debug] Dispatching "ReFerTo::User->edit".
[Thu Sep  1 04:29:52 2011] [debug] Rendering template "user/edit.html.ep".
[Thu Sep  1 04:29:52 2011] [error] Global symbol "$message" requires explicit package name at template "user/edit.html.ep" line 3, near "<a href="<%== url_for %>">click here</a>".
Global symbol "$userinfo" requires explicit package name at template "user/edit.html.ep" line 6, near "		<%= uc($_) %>: <input type="text" name="<%= $_ %>" value="<%= $userinfo->{$_} %>" /><br />".
Global symbol "$userinfo" requires explicit package name at template "user/edit.html.ep" line 7, near "	<% } %>".
1: % layout 'default';
2: "<%= $self->req->url->path || '/' %>"
3: <h2><%= $message %></h2>
4: <a href="<%== url_for %>">click here</a>
5: <form method="post" action="<%= url_for %>" enctype="multipart/form-data">
6: 	<% for (sort keys %$userinfo) { %>
7: 		<%= uc($_) %>: <input type="text" name="<%= $_ %>" value="<%= $userinfo->{$_} %>" /><br />
8: 	<% } %>

[Thu Sep  1 04:29:52 2011] [debug] Template "exception.development.html.ep" not found.
[Thu Sep  1 04:29:52 2011] [debug] Template "exception.html.ep" not found.
[Thu Sep  1 04:29:52 2011] [debug] Rendering inline template.
[Thu Sep  1 04:29:52 2011] [debug] 500 Internal Server Error (0.088493s, 11.300/s).
[Thu Sep  1 04:30:06 2011] [debug] GET /user/edit (Mozilla/5.0 (X11; Linux x86_64; rv:6.0) Gecko/20100101 Firefox/6.0).
[Thu Sep  1 04:30:06 2011] [debug] Dispatching "ReFerTo::User->edit".
[Thu Sep  1 04:30:06 2011] [debug] Rendering template "user/edit.html.ep".
[Thu Sep  1 04:30:06 2011] [error] Global symbol "$message" requires explicit package name at template "user/edit.html.ep" line 3, near "<a href="<%== url_for %>">click here</a>".
Global symbol "$userinfo" requires explicit package name at template "user/edit.html.ep" line 6, near "		<%= uc($_) %>: <input type="text" name="<%= $_ %>" value="<%= $userinfo->{$_} %>" /><br />".
Global symbol "$userinfo" requires explicit package name at template "user/edit.html.ep" line 7, near "	<% } %>".
1: % layout 'default';
2: "<%= $self->req->url->path || '/' %>"
3: <h2><%= $message %></h2>
4: <a href="<%== url_for %>">click here</a>
5: <form method="post" action="<%= url_for %>" enctype="multipart/form-data">
6: 	<% for (sort keys %$userinfo) { %>
7: 		<%= uc($_) %>: <input type="text" name="<%= $_ %>" value="<%= $userinfo->{$_} %>" /><br />
8: 	<% } %>

[Thu Sep  1 04:30:06 2011] [debug] Template "exception.development.html.ep" not found.
[Thu Sep  1 04:30:06 2011] [debug] Template "exception.html.ep" not found.
[Thu Sep  1 04:30:06 2011] [debug] 500 Internal Server Error (0.022964s, 43.546/s).
[Thu Sep  1 04:32:46 2011] [info] Server listening (http://*:3000)
[Thu Sep  1 04:32:51 2011] [debug] Your secret passphrase needs to be changed!!!
[Thu Sep  1 04:32:51 2011] [debug] GET /user/edit (Anonymojo).
[Thu Sep  1 04:32:51 2011] [debug] Dispatching "ReFerTo::User->edit".
[Thu Sep  1 04:32:51 2011] [debug] Rendering template "user/edit.html.ep".
[Thu Sep  1 04:32:51 2011] [error] Global symbol "$message" requires explicit package name at template "user/edit.html.ep" line 3, near "<a href="<%== url_for %>">click here</a>".
Global symbol "$userinfo" requires explicit package name at template "user/edit.html.ep" line 6, near "		<%= uc($_) %>: <input type="text" name="<%= $_ %>" value="<%= $userinfo->{$_} %>" /><br />".
Global symbol "$userinfo" requires explicit package name at template "user/edit.html.ep" line 7, near "	<% } %>".
1: % layout 'default';
2: "<%= $self->req->url->path || '/' %>"
3: <h2><%= $message %></h2>
4: <a href="<%== url_for %>">click here</a>
5: <form method="post" action="<%= url_for %>" enctype="multipart/form-data">
6: 	<% for (sort keys %$userinfo) { %>
7: 		<%= uc($_) %>: <input type="text" name="<%= $_ %>" value="<%= $userinfo->{$_} %>" /><br />
8: 	<% } %>

[Thu Sep  1 04:32:51 2011] [debug] Template "exception.development.html.ep" not found.
[Thu Sep  1 04:32:51 2011] [debug] Template "exception.html.ep" not found.
[Thu Sep  1 04:32:51 2011] [debug] Rendering inline template.
[Thu Sep  1 04:32:51 2011] [debug] 500 Internal Server Error (0.053443s, 18.712/s).
[Thu Sep  1 04:33:00 2011] [debug] GET /user/edit (Mozilla/5.0 (X11; Linux x86_64; rv:6.0) Gecko/20100101 Firefox/6.0).
[Thu Sep  1 04:33:00 2011] [debug] Dispatching "ReFerTo::User->edit".
[Thu Sep  1 04:33:00 2011] [debug] Rendering template "user/edit.html.ep".
[Thu Sep  1 04:33:00 2011] [error] Global symbol "$message" requires explicit package name at template "user/edit.html.ep" line 3, near "<a href="<%== url_for %>">click here</a>".
Global symbol "$userinfo" requires explicit package name at template "user/edit.html.ep" line 6, near "		<%= uc($_) %>: <input type="text" name="<%= $_ %>" value="<%= $userinfo->{$_} %>" /><br />".
Global symbol "$userinfo" requires explicit package name at template "user/edit.html.ep" line 7, near "	<% } %>".
1: % layout 'default';
2: "<%= $self->req->url->path || '/' %>"
3: <h2><%= $message %></h2>
4: <a href="<%== url_for %>">click here</a>
5: <form method="post" action="<%= url_for %>" enctype="multipart/form-data">
6: 	<% for (sort keys %$userinfo) { %>
7: 		<%= uc($_) %>: <input type="text" name="<%= $_ %>" value="<%= $userinfo->{$_} %>" /><br />
8: 	<% } %>

[Thu Sep  1 04:33:00 2011] [debug] Template "exception.development.html.ep" not found.
[Thu Sep  1 04:33:00 2011] [debug] Template "exception.html.ep" not found.
[Thu Sep  1 04:33:00 2011] [debug] Rendering inline template.
[Thu Sep  1 04:33:00 2011] [debug] 500 Internal Server Error (0.037865s, 26.410/s).
[Thu Sep  1 04:33:04 2011] [debug] GET /user/edit (Mozilla/5.0 (X11; Linux x86_64; rv:6.0) Gecko/20100101 Firefox/6.0).
[Thu Sep  1 04:33:04 2011] [debug] Dispatching "ReFerTo::User->edit".
[Thu Sep  1 04:33:04 2011] [debug] Rendering template "user/edit.html.ep".
[Thu Sep  1 04:33:04 2011] [error] Global symbol "$message" requires explicit package name at template "user/edit.html.ep" line 3, near "<a href="<%== url_for %>">click here</a>".
Global symbol "$userinfo" requires explicit package name at template "user/edit.html.ep" line 6, near "		<%= uc($_) %>: <input type="text" name="<%= $_ %>" value="<%= $userinfo->{$_} %>" /><br />".
Global symbol "$userinfo" requires explicit package name at template "user/edit.html.ep" line 7, near "	<% } %>".
1: % layout 'default';
2: "<%= $self->req->url->path || '/' %>"
3: <h2><%= $message %></h2>
4: <a href="<%== url_for %>">click here</a>
5: <form method="post" action="<%= url_for %>" enctype="multipart/form-data">
6: 	<% for (sort keys %$userinfo) { %>
7: 		<%= uc($_) %>: <input type="text" name="<%= $_ %>" value="<%= $userinfo->{$_} %>" /><br />
8: 	<% } %>

[Thu Sep  1 04:33:04 2011] [debug] Template "exception.development.html.ep" not found.
[Thu Sep  1 04:33:04 2011] [debug] Template "exception.html.ep" not found.
[Thu Sep  1 04:33:04 2011] [debug] 500 Internal Server Error (0.027371s, 36.535/s).
[Thu Sep  1 04:34:17 2011] [info] Server listening (http://*:3000)
[Thu Sep  1 04:34:23 2011] [debug] Your secret passphrase needs to be changed!!!
[Thu Sep  1 04:34:23 2011] [debug] GET / (Anonymojo).
[Thu Sep  1 04:34:23 2011] [debug] Dispatching "ReFerTo::Page->index".
[Thu Sep  1 04:34:23 2011] [debug] Rendering template "page/index.html.ep".
[Thu Sep  1 04:34:23 2011] [debug] Rendering template "layouts/default.html.ep".
[Thu Sep  1 04:34:23 2011] [debug] 400 Bad Request (0.029458s, 33.947/s).
[Thu Sep  1 04:34:44 2011] [debug] GET /user/edit (Anonymojo).
[Thu Sep  1 04:34:44 2011] [debug] Dispatching "ReFerTo::User->edit".
[Thu Sep  1 04:34:44 2011] [debug] Rendering template "user/edit.html.ep".
[Thu Sep  1 04:34:44 2011] [error] Global symbol "$message" requires explicit package name at template "user/edit.html.ep" line 3, near "	<h2><%= $message %></h2>".
Global symbol "$message" requires explicit package name at template "user/edit.html.ep" line 3, near "	<h2><%= $message %></h2>".
Global symbol "$message" requires explicit package name at template "user/edit.html.ep" line 4, near "<% } %>".
Global symbol "$userinfo" requires explicit package name at template "user/edit.html.ep" line 8, near "		<%= uc($_) %>: <input type="text" name="<%= $_ %>" value="<%= $userinfo->{$_} %>" /><br />".
Global symbol "$userinfo" requires explicit package name at template "user/edit.html.ep" line 9, near "	<% } %>".
1: % layout 'default';
2: "<%= $self->req->url->path || '/' %>"
3: <% if ($message ||= flash $message) { %>
4: 	<h2><%= $message %></h2>
5: <% } %>
6: <a href="<%== url_for %>">click here</a>
7: <form method="post" action="<%= url_for %>" enctype="multipart/form-data">
8: 	<% for (sort keys %$userinfo) { %>

[Thu Sep  1 04:34:44 2011] [debug] Template "exception.development.html.ep" not found.
[Thu Sep  1 04:34:44 2011] [debug] Template "exception.html.ep" not found.
[Thu Sep  1 04:34:44 2011] [debug] Rendering inline template.
[Thu Sep  1 04:34:44 2011] [debug] 500 Internal Server Error (0.044476s, 22.484/s).
[Thu Sep  1 04:34:49 2011] [debug] GET /user/edit (Mozilla/5.0 (X11; Linux x86_64; rv:6.0) Gecko/20100101 Firefox/6.0).
[Thu Sep  1 04:34:49 2011] [debug] Dispatching "ReFerTo::User->edit".
[Thu Sep  1 04:34:49 2011] [debug] Rendering template "user/edit.html.ep".
[Thu Sep  1 04:34:49 2011] [error] Global symbol "$message" requires explicit package name at template "user/edit.html.ep" line 3, near "	<h2><%= $message %></h2>".
Global symbol "$message" requires explicit package name at template "user/edit.html.ep" line 3, near "	<h2><%= $message %></h2>".
Global symbol "$message" requires explicit package name at template "user/edit.html.ep" line 4, near "<% } %>".
Global symbol "$userinfo" requires explicit package name at template "user/edit.html.ep" line 8, near "		<%= uc($_) %>: <input type="text" name="<%= $_ %>" value="<%= $userinfo->{$_} %>" /><br />".
Global symbol "$userinfo" requires explicit package name at template "user/edit.html.ep" line 9, near "	<% } %>".
1: % layout 'default';
2: "<%= $self->req->url->path || '/' %>"
3: <% if ($message ||= flash $message) { %>
4: 	<h2><%= $message %></h2>
5: <% } %>
6: <a href="<%== url_for %>">click here</a>
7: <form method="post" action="<%= url_for %>" enctype="multipart/form-data">
8: 	<% for (sort keys %$userinfo) { %>

[Thu Sep  1 04:34:49 2011] [debug] Template "exception.development.html.ep" not found.
[Thu Sep  1 04:34:49 2011] [debug] Template "exception.html.ep" not found.
[Thu Sep  1 04:34:49 2011] [debug] Rendering inline template.
[Thu Sep  1 04:34:49 2011] [debug] 500 Internal Server Error (0.037024s, 27.010/s).
[Thu Sep  1 04:36:20 2011] [info] Server listening (http://*:3000)
[Thu Sep  1 04:36:30 2011] [debug] Your secret passphrase needs to be changed!!!
[Thu Sep  1 04:36:30 2011] [debug] GET /user/edit (Anonymojo).
[Thu Sep  1 04:36:30 2011] [debug] Dispatching "ReFerTo::User->edit".
[Thu Sep  1 04:36:30 2011] [debug] Rendering template "user/edit.html.ep".
[Thu Sep  1 04:36:30 2011] [error] Global symbol "$message" requires explicit package name at template "user/edit.html.ep" line 3, near "<% if ($message) { %>".
Global symbol "$message" requires explicit package name at template "user/edit.html.ep" line 3, near "<% if ($message) { %>".
syntax error at template "user/edit.html.ep" line 3, near "<% if ($message) { %>".
Global symbol "$userinfo" requires explicit package name at template "user/edit.html.ep" line 9, near "		<%= uc($_) %>: <input type="text" name="<%= $_ %>" value="<%= $userinfo->{$_} %>" /><br />".
Global symbol "$userinfo" requires explicit package name at template "user/edit.html.ep" line 10, near "	<% } %>".
1: % layout 'default';
2: "<%= $self->req->url->path || '/' %>"
3: <% my $message = flash $message if not $message %>
4: <% if ($message) { %>
5: 	<h2><%= $message %></h2>
6: <% } %>
7: <a href="<%== url_for %>">click here</a>
8: <form method="post" action="<%= url_for %>" enctype="multipart/form-data">

[Thu Sep  1 04:36:30 2011] [debug] Template "exception.development.html.ep" not found.
[Thu Sep  1 04:36:30 2011] [debug] Template "exception.html.ep" not found.
[Thu Sep  1 04:36:30 2011] [debug] Rendering inline template.
[Thu Sep  1 04:36:30 2011] [debug] 500 Internal Server Error (0.054433s, 18.371/s).
[Thu Sep  1 04:36:34 2011] [debug] GET /user/edit (Mozilla/5.0 (X11; Linux x86_64; rv:6.0) Gecko/20100101 Firefox/6.0).
[Thu Sep  1 04:36:34 2011] [debug] Dispatching "ReFerTo::User->edit".
[Thu Sep  1 04:36:34 2011] [debug] Rendering template "user/edit.html.ep".
[Thu Sep  1 04:36:34 2011] [error] Global symbol "$message" requires explicit package name at template "user/edit.html.ep" line 3, near "<% if ($message) { %>".
Global symbol "$message" requires explicit package name at template "user/edit.html.ep" line 3, near "<% if ($message) { %>".
syntax error at template "user/edit.html.ep" line 3, near "<% if ($message) { %>".
Global symbol "$userinfo" requires explicit package name at template "user/edit.html.ep" line 9, near "		<%= uc($_) %>: <input type="text" name="<%= $_ %>" value="<%= $userinfo->{$_} %>" /><br />".
Global symbol "$userinfo" requires explicit package name at template "user/edit.html.ep" line 10, near "	<% } %>".
1: % layout 'default';
2: "<%= $self->req->url->path || '/' %>"
3: <% my $message = flash $message if not $message %>
4: <% if ($message) { %>
5: 	<h2><%= $message %></h2>
6: <% } %>
7: <a href="<%== url_for %>">click here</a>
8: <form method="post" action="<%= url_for %>" enctype="multipart/form-data">

[Thu Sep  1 04:36:34 2011] [debug] Template "exception.development.html.ep" not found.
[Thu Sep  1 04:36:34 2011] [debug] Template "exception.html.ep" not found.
[Thu Sep  1 04:36:34 2011] [debug] Rendering inline template.
[Thu Sep  1 04:36:34 2011] [debug] 500 Internal Server Error (0.030816s, 32.451/s).
[Thu Sep  1 04:37:53 2011] [debug] GET /user/edit (Mozilla/5.0 (X11; Linux x86_64; rv:6.0) Gecko/20100101 Firefox/6.0).
[Thu Sep  1 04:37:53 2011] [debug] Dispatching "ReFerTo::User->edit".
[Thu Sep  1 04:37:53 2011] [debug] Rendering template "user/edit.html.ep".
[Thu Sep  1 04:37:54 2011] [error] Global symbol "$userinfo" requires explicit package name at template "user/edit.html.ep" line 9, near "		<%= uc($_) %>: <input type="text" name="<%= $_ %>" value="<%= $userinfo->{$_} %>" /><br />".
Global symbol "$userinfo" requires explicit package name at template "user/edit.html.ep" line 10, near "	<% } %>".
4: <% if (my $message = flash 'message' ) { %>
5: 	<b><%= $message %></b><br>
6: <% } %>
7: <a href="<%== url_for %>">click here</a>
8: <form method="post" action="<%= url_for %>" enctype="multipart/form-data">
9: 	<% for (sort keys %$userinfo) { %>
10: 		<%= uc($_) %>: <input type="text" name="<%= $_ %>" value="<%= $userinfo->{$_} %>" /><br />
11: 	<% } %>
12: 	<input type="submit" value="Update"/>
13: </form>

[Thu Sep  1 04:37:54 2011] [debug] Template "exception.development.html.ep" not found.
[Thu Sep  1 04:37:54 2011] [debug] Template "exception.html.ep" not found.
[Thu Sep  1 04:37:54 2011] [debug] 500 Internal Server Error (0.027988s, 35.730/s).
[Thu Sep  1 04:39:54 2011] [info] Server listening (http://*:3000)
[Thu Sep  1 04:39:56 2011] [debug] Your secret passphrase needs to be changed!!!
[Thu Sep  1 04:39:56 2011] [debug] GET /user/edit (Mozilla/5.0 (X11; Linux x86_64; rv:6.0) Gecko/20100101 Firefox/6.0).
[Thu Sep  1 04:39:56 2011] [debug] Dispatching "ReFerTo::User->edit".
[Thu Sep  1 04:39:56 2011] [debug] Rendering template "user/edit.html.ep".
[Thu Sep  1 04:39:57 2011] [error] Global symbol "$userinfo" requires explicit package name at template "user/edit.html.ep" line 10, near "<form method="post" action="<%= url_for %>" enctype="multipart/form-data">".
Global symbol "$userinfo" requires explicit package name at template "user/edit.html.ep" line 12, near "		<%= uc($_) %>: <input type="text" name="<%= $_ %>" value="<%= $userinfo->{$_} %>" /><br />".
Global symbol "$userinfo" requires explicit package name at template "user/edit.html.ep" line 13, near "	<% } %>".
5: 	<b><%= $message %></b><br>
6: <% } %>
7: 
8: <a href="<%== url_for %>">click here</a>
9: 
10: <% if ( $userinfo ) { %>
11: <form method="post" action="<%= url_for %>" enctype="multipart/form-data">
12: 	<% for (sort keys %$userinfo) { %>
13: 		<%= uc($_) %>: <input type="text" name="<%= $_ %>" value="<%= $userinfo->{$_} %>" /><br />
14: 	<% } %>
15: 	<input type="submit" value="Update"/>

[Thu Sep  1 04:39:57 2011] [debug] Template "exception.development.html.ep" not found.
[Thu Sep  1 04:39:57 2011] [debug] Template "exception.html.ep" not found.
[Thu Sep  1 04:39:57 2011] [debug] Rendering inline template.
[Thu Sep  1 04:39:57 2011] [debug] 500 Internal Server Error (0.069232s, 14.444/s).
[Thu Sep  1 04:40:28 2011] [info] Server listening (http://*:3000)
[Thu Sep  1 04:40:30 2011] [debug] Your secret passphrase needs to be changed!!!
[Thu Sep  1 04:40:30 2011] [debug] GET /user/edit (Mozilla/5.0 (X11; Linux x86_64; rv:6.0) Gecko/20100101 Firefox/6.0).
[Thu Sep  1 04:40:30 2011] [debug] Dispatching "ReFerTo::User->edit".
[Thu Sep  1 04:40:30 2011] [debug] Rendering template "user/edit.html.ep".
[Thu Sep  1 04:40:30 2011] [error] Global symbol "$userinfo" requires explicit package name at template "user/edit.html.ep" line 10, near "<form method="post" action="<%= url_for %>" enctype="multipart/form-data">".
Global symbol "$userinfo" requires explicit package name at template "user/edit.html.ep" line 12, near "		<%= uc($_) %>: <input type="text" name="<%= $_ %>" value="<%= $userinfo->{$_} %>" /><br />".
Global symbol "$userinfo" requires explicit package name at template "user/edit.html.ep" line 13, near "	<% } %>".
5: 	<b><%= $message %></b><br>
6: <% } %>
7: 
8: <a href="<%== url_for %>">click here</a>
9: 
10: <% if ( defined $userinfo ) { %>
11: <form method="post" action="<%= url_for %>" enctype="multipart/form-data">
12: 	<% for (sort keys %$userinfo) { %>
13: 		<%= uc($_) %>: <input type="text" name="<%= $_ %>" value="<%= $userinfo->{$_} %>" /><br />
14: 	<% } %>
15: 	<input type="submit" value="Update"/>

[Thu Sep  1 04:40:30 2011] [debug] Template "exception.development.html.ep" not found.
[Thu Sep  1 04:40:30 2011] [debug] Template "exception.html.ep" not found.
[Thu Sep  1 04:40:30 2011] [debug] Rendering inline template.
[Thu Sep  1 04:40:30 2011] [debug] 500 Internal Server Error (0.051520s, 19.410/s).
[Thu Sep  1 04:41:27 2011] [info] Server listening (http://*:3000)
[Thu Sep  1 04:41:29 2011] [debug] Your secret passphrase needs to be changed!!!
[Thu Sep  1 04:41:29 2011] [debug] GET /user/edit (Mozilla/5.0 (X11; Linux x86_64; rv:6.0) Gecko/20100101 Firefox/6.0).
[Thu Sep  1 04:41:29 2011] [debug] Dispatching "ReFerTo::User->edit".
[Thu Sep  1 04:41:29 2011] [debug] Rendering template "user/edit.html.ep".
[Thu Sep  1 04:41:29 2011] [error] Global symbol "$message" requires explicit package name at template "user/edit.html.ep" line 4, near "<% if (my $message = flash 'message' ) { %>".
syntax error at template "user/edit.html.ep" line 4, near "<% if (my $message = flash 'message' ) { %>".
Global symbol "$userinfo" requires explicit package name at template "user/edit.html.ep" line 11, near "<form method="post" action="<%= url_for %>" enctype="multipart/form-data">".
Global symbol "$userinfo" requires explicit package name at template "user/edit.html.ep" line 13, near "		<%= uc($_) %>: <input type="text" name="<%= $_ %>" value="<%= $userinfo->{$_} %>" /><br />".
Global symbol "$userinfo" requires explicit package name at template "user/edit.html.ep" line 14, near "	<% } %>".
1: % layout 'default';
2: "<%= $self->req->url->path || '/' %>"
3: 
4: <% my $message = flash 'message' if not $message %>
5: <% if (my $message = flash 'message' ) { %>
6: 	<b><%= $message %></b><br>
7: <% } %>
8: 
9: <a href="<%== url_for %>">click here</a>

[Thu Sep  1 04:41:29 2011] [debug] Template "exception.development.html.ep" not found.
[Thu Sep  1 04:41:29 2011] [debug] Template "exception.html.ep" not found.
[Thu Sep  1 04:41:29 2011] [debug] Rendering inline template.
[Thu Sep  1 04:41:29 2011] [debug] 500 Internal Server Error (0.053300s, 18.762/s).
[Thu Sep  1 04:41:52 2011] [info] Server listening (http://*:3000)
[Thu Sep  1 04:41:54 2011] [debug] Your secret passphrase needs to be changed!!!
[Thu Sep  1 04:41:54 2011] [debug] GET /user/edit (Mozilla/5.0 (X11; Linux x86_64; rv:6.0) Gecko/20100101 Firefox/6.0).
[Thu Sep  1 04:41:54 2011] [debug] Dispatching "ReFerTo::User->edit".
[Thu Sep  1 04:41:54 2011] [debug] Rendering template "user/edit.html.ep".
[Thu Sep  1 04:41:54 2011] [error] Global symbol "$message" requires explicit package name at template "user/edit.html.ep" line 4, near "<% if (my $message = flash 'message' ) { %>".
Global symbol "$userinfo" requires explicit package name at template "user/edit.html.ep" line 11, near "<form method="post" action="<%= url_for %>" enctype="multipart/form-data">".
Global symbol "$userinfo" requires explicit package name at template "user/edit.html.ep" line 13, near "		<%= uc($_) %>: <input type="text" name="<%= $_ %>" value="<%= $userinfo->{$_} %>" /><br />".
Global symbol "$userinfo" requires explicit package name at template "user/edit.html.ep" line 14, near "	<% } %>".
1: % layout 'default';
2: "<%= $self->req->url->path || '/' %>"
3: 
4: <% my $message = flash 'message' if not $message; %>
5: <% if (my $message = flash 'message' ) { %>
6: 	<b><%= $message %></b><br>
7: <% } %>
8: 
9: <a href="<%== url_for %>">click here</a>

[Thu Sep  1 04:41:54 2011] [debug] Template "exception.development.html.ep" not found.
[Thu Sep  1 04:41:54 2011] [debug] Template "exception.html.ep" not found.
[Thu Sep  1 04:41:54 2011] [debug] Rendering inline template.
[Thu Sep  1 04:41:54 2011] [debug] 500 Internal Server Error (0.049729s, 20.109/s).
[Thu Sep  1 04:49:22 2011] [info] Server listening (http://*:3000)
[Thu Sep  1 04:49:35 2011] [debug] Your secret passphrase needs to be changed!!!
[Thu Sep  1 04:49:35 2011] [debug] GET /user/edit (Anonymojo).
[Thu Sep  1 04:49:35 2011] [debug] Dispatching "ReFerTo::User->edit".
[Thu Sep  1 04:49:35 2011] [debug] 302 Found (0.006738s, 148.412/s).
[Thu Sep  1 04:57:57 2011] [info] Server listening (http://*:3000)
[Thu Sep  1 04:58:06 2011] [debug] Your secret passphrase needs to be changed!!!
[Thu Sep  1 04:58:06 2011] [debug] GET /user/edit (Mozilla/5.0 (X11; Linux x86_64; rv:6.0) Gecko/20100101 Firefox/6.0).
[Thu Sep  1 04:58:06 2011] [debug] Dispatching "ReFerTo::User->edit".
[Thu Sep  1 04:58:06 2011] [debug] 302 Found (0.003084s, 324.254/s).
[Thu Sep  1 04:58:06 2011] [debug] GET /user/login (Mozilla/5.0 (X11; Linux x86_64; rv:6.0) Gecko/20100101 Firefox/6.0).
[Thu Sep  1 04:58:06 2011] [debug] Dispatching "ReFerTo::User->login".
[Thu Sep  1 04:58:06 2011] [debug] Rendering template "user/login.html.ep".
[Thu Sep  1 04:58:06 2011] [debug] Rendering template "layouts/default.html.ep".
[Thu Sep  1 04:58:06 2011] [debug] 200 OK (0.018877s, 52.975/s).
[Thu Sep  1 04:58:11 2011] [debug] GET /user/register (Mozilla/5.0 (X11; Linux x86_64; rv:6.0) Gecko/20100101 Firefox/6.0).
[Thu Sep  1 04:58:11 2011] [debug] Dispatching "ReFerTo::User->register".
[Thu Sep  1 04:58:11 2011] [debug] Rendering template "user/register.html.ep".
[Thu Sep  1 04:58:11 2011] [debug] Rendering template "layouts/default.html.ep".
[Thu Sep  1 04:58:11 2011] [debug] 200 OK (0.010252s, 97.542/s).
[Thu Sep  1 05:22:29 2011] [debug] GET /user/registe (Mozilla/5.0 (X11; Linux x86_64; rv:6.0) Gecko/20100101 Firefox/6.0).
[Thu Sep  1 05:22:29 2011] [debug] Template "not_found.development.html.ep" not found.
[Thu Sep  1 05:22:29 2011] [debug] Template "not_found.html.ep" not found.
[Thu Sep  1 05:22:29 2011] [debug] Rendering inline template.
[Thu Sep  1 05:22:29 2011] [debug] 404 Not Found (0.010141s, 98.610/s).
[Thu Sep  1 05:22:33 2011] [debug] GET /user (Mozilla/5.0 (X11; Linux x86_64; rv:6.0) Gecko/20100101 Firefox/6.0).
[Thu Sep  1 05:22:33 2011] [debug] Template "not_found.development.html.ep" not found.
[Thu Sep  1 05:22:33 2011] [debug] Template "not_found.html.ep" not found.
[Thu Sep  1 05:22:33 2011] [debug] 404 Not Found (0.005777s, 173.100/s).
[Thu Sep  1 05:22:37 2011] [debug] GET /user/ (Mozilla/5.0 (X11; Linux x86_64; rv:6.0) Gecko/20100101 Firefox/6.0).
[Thu Sep  1 05:22:37 2011] [debug] Template "not_found.development.html.ep" not found.
[Thu Sep  1 05:22:37 2011] [debug] Template "not_found.html.ep" not found.
[Thu Sep  1 05:22:37 2011] [debug] 404 Not Found (0.005329s, 187.652/s).
[Thu Sep  1 05:32:47 2011] [info] Server listening (http://*:3000)
[Thu Sep  1 05:32:58 2011] [debug] GET /lalala (Mozilla/5.0 (X11; Linux x86_64; rv:6.0) Gecko/20100101 Firefox/6.0).
[Thu Sep  1 05:32:58 2011] [debug] Template "not_found.development.html.ep" not found.
[Thu Sep  1 05:32:58 2011] [debug] Template "not_found.html.ep" not found.
[Thu Sep  1 05:32:58 2011] [debug] Rendering inline template.
[Thu Sep  1 05:32:58 2011] [debug] 404 Not Found (0.024129s, 41.444/s).
[Thu Sep  1 05:33:11 2011] [debug] GET /user/lalala (Mozilla/5.0 (X11; Linux x86_64; rv:6.0) Gecko/20100101 Firefox/6.0).
[Thu Sep  1 05:33:11 2011] [debug] Dispatching "ReFerTo::User->info".
[Thu Sep  1 05:33:11 2011] [debug] Rendering template "user/info.html.ep".
[Thu Sep  1 05:33:12 2011] [debug] Rendering template "layouts/default.html.ep".
[Thu Sep  1 05:33:12 2011] [debug] 200 OK (0.048460s, 20.636/s).
[Thu Sep  1 05:33:55 2011] [info] Server listening (http://*:3000)
[Thu Sep  1 05:33:58 2011] [debug] GET /user/lalala (Mozilla/5.0 (X11; Linux x86_64; rv:6.0) Gecko/20100101 Firefox/6.0).
[Thu Sep  1 05:33:58 2011] [debug] Dispatching "ReFerTo::User->info".
[Thu Sep  1 05:33:58 2011] [debug] Rendering template "user/info.html.ep".
[Thu Sep  1 05:33:58 2011] [debug] Rendering template "layouts/default.html.ep".
[Thu Sep  1 05:33:58 2011] [debug] 200 OK (0.032654s, 30.624/s).
[Thu Sep  1 05:34:18 2011] [debug] GET /user/lalala/edit (Mozilla/5.0 (X11; Linux x86_64; rv:6.0) Gecko/20100101 Firefox/6.0).
[Thu Sep  1 05:34:18 2011] [debug] Dispatching "ReFerTo::User->edit".
[Thu Sep  1 05:34:18 2011] [debug] 302 Found (0.001263s, 791.766/s).
[Thu Sep  1 05:34:18 2011] [debug] GET /user/login (Mozilla/5.0 (X11; Linux x86_64; rv:6.0) Gecko/20100101 Firefox/6.0).
[Thu Sep  1 05:34:18 2011] [debug] Dispatching "ReFerTo::User->login".
[Thu Sep  1 05:34:18 2011] [debug] Rendering template "user/login.html.ep".
[Thu Sep  1 05:34:18 2011] [debug] Rendering template "layouts/default.html.ep".
[Thu Sep  1 05:34:18 2011] [debug] 200 OK (0.009713s, 102.955/s).
[Thu Sep  1 05:34:31 2011] [debug] GET /user/login (Mozilla/5.0 (X11; Linux x86_64; rv:6.0) Gecko/20100101 Firefox/6.0).
[Thu Sep  1 05:34:31 2011] [debug] Dispatching "ReFerTo::User->login".
[Thu Sep  1 05:34:31 2011] [debug] Rendering template "user/login.html.ep".
[Thu Sep  1 05:34:31 2011] [debug] Rendering template "layouts/default.html.ep".
[Thu Sep  1 05:34:31 2011] [debug] 200 OK (0.011544s, 86.625/s).
[Thu Sep  1 05:34:37 2011] [debug] GET /login (Mozilla/5.0 (X11; Linux x86_64; rv:6.0) Gecko/20100101 Firefox/6.0).
[Thu Sep  1 05:34:37 2011] [debug] Template "not_found.development.html.ep" not found.
[Thu Sep  1 05:34:37 2011] [debug] Template "not_found.html.ep" not found.
[Thu Sep  1 05:34:37 2011] [debug] Rendering inline template.
[Thu Sep  1 05:34:37 2011] [debug] 404 Not Found (0.010991s, 90.984/s).
[Thu Sep  1 05:35:01 2011] [debug] GET /user/login (Mozilla/5.0 (X11; Linux x86_64; rv:6.0) Gecko/20100101 Firefox/6.0).
[Thu Sep  1 05:35:01 2011] [debug] Dispatching "ReFerTo::User->login".
[Thu Sep  1 05:35:01 2011] [debug] 200 OK (0.003582s, 279.174/s).
[Thu Sep  1 05:35:34 2011] [info] Server listening (http://*:3000)
[Thu Sep  1 05:35:38 2011] [debug] GET /user/login (Mozilla/5.0 (X11; Linux x86_64; rv:6.0) Gecko/20100101 Firefox/6.0).
[Thu Sep  1 05:35:38 2011] [debug] Dispatching "ReFerTo::User->info".
[Thu Sep  1 05:35:38 2011] [debug] Rendering template "user/info.html.ep".
[Thu Sep  1 05:35:38 2011] [debug] Rendering template "layouts/default.html.ep".
[Thu Sep  1 05:35:38 2011] [debug] 200 OK (0.025024s, 39.962/s).
[Thu Sep  1 05:35:46 2011] [debug] GET /login (Mozilla/5.0 (X11; Linux x86_64; rv:6.0) Gecko/20100101 Firefox/6.0).
[Thu Sep  1 05:35:46 2011] [debug] Dispatching "ReFerTo::User->login".
[Thu Sep  1 05:35:46 2011] [debug] Rendering template "user/login.html.ep".
[Thu Sep  1 05:35:46 2011] [debug] Rendering template "layouts/default.html.ep".
[Thu Sep  1 05:35:46 2011] [debug] 200 OK (0.009857s, 101.451/s).
[Thu Sep  1 05:36:24 2011] [info] Server listening (http://*:3000)
[Thu Sep  1 05:36:25 2011] [debug] GET /user (Mozilla/5.0 (X11; Linux x86_64; rv:6.0) Gecko/20100101 Firefox/6.0).
[Thu Sep  1 05:36:25 2011] [debug] Template "not_found.development.html.ep" not found.
[Thu Sep  1 05:36:25 2011] [debug] Template "not_found.html.ep" not found.
[Thu Sep  1 05:36:25 2011] [debug] Rendering inline template.
[Thu Sep  1 05:36:25 2011] [debug] 404 Not Found (0.015201s, 65.785/s).
[Thu Sep  1 10:55:00 2011] [info] Server listening (http://*:3000)
[Thu Sep  1 10:58:39 2011] [debug] GET /user (Mozilla/5.0 (X11; Linux x86_64; rv:6.0.1) Gecko/20100101 Firefox/6.0.1).
[Thu Sep  1 10:58:39 2011] [debug] Template "not_found.development.html.ep" not found.
[Thu Sep  1 10:58:39 2011] [debug] Template "not_found.html.ep" not found.
[Thu Sep  1 10:58:39 2011] [debug] Rendering inline template.
[Thu Sep  1 10:58:39 2011] [debug] 404 Not Found (0.035493s, 28.175/s).
[Thu Sep  1 12:21:56 2011] [debug] GET / (Mozilla/5.0 (X11; Linux x86_64; rv:6.0.1) Gecko/20100101 Firefox/6.0.1).
[Thu Sep  1 12:21:56 2011] [debug] Dispatching "ReFerTo::Page->index".
[Thu Sep  1 12:21:56 2011] [debug] Rendering template "page/index.html.ep".
[Thu Sep  1 12:21:57 2011] [debug] Rendering template "layouts/default.html.ep".
[Thu Sep  1 12:21:57 2011] [debug] 200 OK (0.566925s, 1.764/s).
